# JRE version: Java(TM) SE Runtime Environment (8.0_102-b14) (build 1.8.0_102-b14)
# Java VM: Java HotSpot(TM) Client VM (25.102-b14 mixed mode windows-x86 )
Heap:
 def new generation   total 12096K, used 3359K [0x04a00000, 0x05720000, 0x09f50000)
  eden space 10752K,  31% used [0x04a00000, 0x04d47cc0, 0x05480000)
  from space 1344K,   0% used [0x05480000, 0x05480000, 0x055d0000)
  to   space 1344K,   0% used [0x055d0000, 0x055d0000, 0x05720000)
 tenured generation   total 26788K, used 16072K [0x09f50000, 0x0b979000, 0x14a00000)
   the space 26788K,  59% used [0x09f50000, 0x0af02250, 0x0af02400, 0x0b979000)
 Metaspace       used 7751K, capacity 8025K, committed 8064K, reserved 8576K
GC Heap History (10 events):
Event: 13.564 GC heap before
{Heap before GC invocations=25 (full 11):
 def new generation   total 12096K, used 8628K [0x04a00000, 0x05720000, 0x09f50000)
  eden space 10752K,  80% used [0x04a00000, 0x0526d1c8, 0x05480000)
  from space 1344K,   0% used [0x055d0000, 0x055d0018, 0x05720000)
  to   space 1344K,   0% used [0x05480000, 0x05480000, 0x055d0000)
 tenured generation   total 26788K, used 18899K [0x09f50000, 0x0b979000, 0x14a00000)
   the space 26788K,  70% used [0x09f50000, 0x0b1c4f18, 0x0b1c5000, 0x0b979000)
 Metaspace       used 7725K, capacity 7993K, committed 8064K, reserved 8576K
Event: 13.589 GC heap after
Heap after GC invocations=26 (full 12):
 def new generation   total 12096K, used 0K [0x04a00000, 0x05720000, 0x09f50000)
  eden space 10752K,   0% used [0x04a00000, 0x04a00000, 0x05480000)
  from space 1344K,   0% used [0x05480000, 0x05480000, 0x055d0000)
  to   space 1344K,   0% used [0x055d0000, 0x055d0000, 0x05720000)
 tenured generation   total 26788K, used 16070K [0x09f50000, 0x0b979000, 0x14a00000)
   the space 26788K,  59% used [0x09f50000, 0x0af01850, 0x0af01a00, 0x0b979000)
 Metaspace       used 7725K, capacity 7993K, committed 8064K, reserved 8576K
}
Event: 13.693 GC heap before
{Heap before GC invocations=26 (full 12):
 def new generation   total 12096K, used 8757K [0x04a00000, 0x05720000, 0x09f50000)
  eden space 10752K,  81% used [0x04a00000, 0x0528d470, 0x05480000)
  from space 1344K,   0% used [0x05480000, 0x05480000, 0x055d0000)
  to   space 1344K,   0% used [0x055d0000, 0x055d0000, 0x05720000)
 tenured generation   total 26788K, used 16070K [0x09f50000, 0x0b979000, 0x14a00000)
   the space 26788K,  59% used [0x09f50000, 0x0af01850, 0x0af01a00, 0x0b979000)
 Metaspace       used 7725K, capacity 7993K, committed 8064K, reserved 8576K
Event: 13.698 GC heap after
Heap after GC invocations=27 (full 12):
 def new generation   total 12096K, used 3K [0x04a00000, 0x05720000, 0x09f50000)
  eden space 10752K,   0% used [0x04a00000, 0x04a00000, 0x05480000)
  from space 1344K,   0% used [0x055d0000, 0x055d0cf0, 0x05720000)
  to   space 1344K,   0% used [0x05480000, 0x05480000, 0x055d0000)
 tenured generation   total 26788K, used 24552K [0x09f50000, 0x0b979000, 0x14a00000)
   the space 26788K,  91% used [0x09f50000, 0x0b74a270, 0x0b74a400, 0x0b979000)
 Metaspace       used 7725K, capacity 7993K, committed 8064K, reserved 8576K
}
Event: 15.601 GC heap before
{Heap before GC invocations=27 (full 12):
 def new generation   total 12096K, used 8739K [0x04a00000, 0x05720000, 0x09f50000)
  eden space 10752K,  81% used [0x04a00000, 0x052882e0, 0x05480000)
  from space 1344K,   0% used [0x055d0000, 0x055d0cf0, 0x05720000)
  to   space 1344K,   0% used [0x05480000, 0x05480000, 0x055d0000)
 tenured generation   total 26788K, used 24552K [0x09f50000, 0x0b979000, 0x14a00000)
   the space 26788K,  91% used [0x09f50000, 0x0b74a270, 0x0b74a400, 0x0b979000)
 Metaspace       used 7747K, capacity 8025K, committed 8064K, reserved 8576K
Event: 15.622 GC heap after
Heap after GC invocations=28 (full 13):
 def new generation   total 12096K, used 0K [0x04a00000, 0x05720000, 0x09f50000)
  eden space 10752K,   0% used [0x04a00000, 0x04a00000, 0x05480000)
  from space 1344K,   0% used [0x05480000, 0x05480000, 0x055d0000)
  to   space 1344K,   0% used [0x055d0000, 0x055d0000, 0x05720000)
 tenured generation   total 26788K, used 13245K [0x09f50000, 0x0b979000, 0x14a00000)
   the space 26788K,  49% used [0x09f50000, 0x0ac3f710, 0x0ac3f800, 0x0b979000)
 Metaspace       used 7747K, capacity 8025K, committed 8064K, reserved 8576K
}
Event: 15.627 GC heap before
{Heap before GC invocations=28 (full 13):
 def new generation   total 12096K, used 5766K [0x04a00000, 0x05720000, 0x09f50000)
  eden space 10752K,  53% used [0x04a00000, 0x04fa1a50, 0x05480000)
  from space 1344K,   0% used [0x05480000, 0x05480000, 0x055d0000)
  to   space 1344K,   0% used [0x055d0000, 0x055d0000, 0x05720000)
 tenured generation   total 26788K, used 13245K [0x09f50000, 0x0b979000, 0x14a00000)
   the space 26788K,  49% used [0x09f50000, 0x0ac3f710, 0x0ac3f800, 0x0b979000)
 Metaspace       used 7747K, capacity 8025K, committed 8064K, reserved 8576K
Event: 15.631 GC heap after
Heap after GC invocations=29 (full 13):
 def new generation   total 12096K, used 0K [0x04a00000, 0x05720000, 0x09f50000)
  eden space 10752K,   0% used [0x04a00000, 0x04a00000, 0x05480000)
  from space 1344K,   0% used [0x055d0000, 0x055d0018, 0x05720000)
  to   space 1344K,   0% used [0x05480000, 0x05480000, 0x055d0000)
 tenured generation   total 26788K, used 18900K [0x09f50000, 0x0b979000, 0x14a00000)
   the space 26788K,  70% used [0x09f50000, 0x0b1c5320, 0x0b1c5400, 0x0b979000)
 Metaspace       used 7747K, capacity 8025K, committed 8064K, reserved 8576K
}
Event: 15.637 GC heap before
{Heap before GC invocations=29 (full 13):
 def new generation   total 12096K, used 8628K [0x04a00000, 0x05720000, 0x09f50000)
  eden space 10752K,  80% used [0x04a00000, 0x0526d3a0, 0x05480000)
  from space 1344K,   0% used [0x055d0000, 0x055d0018, 0x05720000)
  to   space 1344K,   0% used [0x05480000, 0x05480000, 0x055d0000)
 tenured generation   total 26788K, used 18900K [0x09f50000, 0x0b979000, 0x14a00000)
   the space 26788K,  70% used [0x09f50000, 0x0b1c5320, 0x0b1c5400, 0x0b979000)
 Metaspace       used 7747K, capacity 8025K, committed 8064K, reserved 8576K
Event: 15.660 GC heap after
Heap after GC invocations=30 (full 14):
 def new generation   total 12096K, used 0K [0x04a00000, 0x05720000, 0x09f50000)
  eden space 10752K,   0% used [0x04a00000, 0x04a00000, 0x05480000)
  from space 1344K,   0% used [0x05480000, 0x05480000, 0x055d0000)
  to   space 1344K,   0% used [0x055d0000, 0x055d0000, 0x05720000)
 tenured generation   total 26788K, used 16072K [0x09f50000, 0x0b979000, 0x14a00000)
   the space 26788K,  59% used [0x09f50000, 0x0af02250, 0x0af02400, 0x0b979000)
 Metaspace       used 7747K, capacity 8025K, committed 8064K, reserved 8576K
}

