# JRE version: Java(TM) SE Runtime Environment (8.0_102-b14) (build 1.8.0_102-b14)
# Java VM: Java HotSpot(TM) Client VM (25.102-b14 mixed mode windows-x86 )
Heap:
 def new generation   total 78656K, used 68628K [0x04800000, 0x09d50000, 0x09d50000)
  eden space 69952K,  98% used [0x04800000, 0x08b05278, 0x08c50000)
  from space 8704K,   0% used [0x094d0000, 0x094d0000, 0x09d50000)
  to   space 8704K,   0% used [0x08c50000, 0x08c50000, 0x094d0000)
 tenured generation   total 174784K, used 174476K [0x09d50000, 0x14800000, 0x14800000)
   the space 174784K,  99% used [0x09d50000, 0x147b3018, 0x147b3200, 0x14800000)
 Metaspace       used 8226K, capacity 8503K, committed 8576K, reserved 8576K
GC Heap History (10 events):
Event: 11202.678 GC heap before
{Heap before GC invocations=107972 (full 13664):
 def new generation   total 78656K, used 76631K [0x04800000, 0x09d50000, 0x09d50000)
  eden space 69952K,  97% used [0x04800000, 0x08a8d380, 0x08c50000)
  from space 8704K,  97% used [0x094d0000, 0x09d18a20, 0x09d50000)
  to   space 8704K,   0% used [0x08c50000, 0x08c50000, 0x094d0000)
 tenured generation   total 174784K, used 174476K [0x09d50000, 0x14800000, 0x14800000)
   the space 174784K,  99% used [0x09d50000, 0x147b3018, 0x147b3200, 0x14800000)
 Metaspace       used 8223K, capacity 8471K, committed 8576K, reserved 8576K
Event: 11202.697 GC heap after
Heap after GC invocations=107973 (full 13665):
 def new generation   total 78656K, used 59385K [0x04800000, 0x09d50000, 0x09d50000)
  eden space 69952K,  84% used [0x04800000, 0x081fe550, 0x08c50000)
  from space 8704K,   0% used [0x094d0000, 0x094d0000, 0x09d50000)
  to   space 8704K,   0% used [0x08c50000, 0x08c50000, 0x094d0000)
 tenured generation   total 174784K, used 174476K [0x09d50000, 0x14800000, 0x14800000)
   the space 174784K,  99% used [0x09d50000, 0x147b3018, 0x147b3200, 0x14800000)
 Metaspace       used 8223K, capacity 8471K, committed 8576K, reserved 8576K
}
Event: 11202.727 GC heap before
{Heap before GC invocations=107973 (full 13665):
 def new generation   total 78656K, used 76620K [0x04800000, 0x09d50000, 0x09d50000)
  eden space 69952K,  97% used [0x04800000, 0x08a8a8d0, 0x08c50000)
  from space 8704K,  97% used [0x094d0000, 0x09d18a20, 0x09d50000)
  to   space 8704K,   0% used [0x08c50000, 0x08c50000, 0x094d0000)
 tenured generation   total 174784K, used 174476K [0x09d50000, 0x14800000, 0x14800000)
   the space 174784K,  99% used [0x09d50000, 0x147b3018, 0x147b3200, 0x14800000)
 Metaspace       used 8223K, capacity 8471K, committed 8576K, reserved 8576K
Event: 11202.751 GC heap after
Heap after GC invocations=107974 (full 13666):
 def new generation   total 78656K, used 65040K [0x04800000, 0x09d50000, 0x09d50000)
  eden space 69952K,  92% used [0x04800000, 0x087841e8, 0x08c50000)
  from space 8704K,   0% used [0x094d0000, 0x094d0000, 0x09d50000)
  to   space 8704K,   0% used [0x08c50000, 0x08c50000, 0x094d0000)
 tenured generation   total 174784K, used 174476K [0x09d50000, 0x14800000, 0x14800000)
   the space 174784K,  99% used [0x09d50000, 0x147b3018, 0x147b3200, 0x14800000)
 Metaspace       used 8223K, capacity 8471K, committed 8576K, reserved 8576K
}
Event: 11202.984 GC heap before
{Heap before GC invocations=107974 (full 13666):
 def new generation   total 78656K, used 76651K [0x04800000, 0x09d50000, 0x09d50000)
  eden space 69952K,  97% used [0x04800000, 0x08a922e0, 0x08c50000)
  from space 8704K,  97% used [0x094d0000, 0x09d18a20, 0x09d50000)
  to   space 8704K,   0% used [0x08c50000, 0x08c50000, 0x094d0000)
 tenured generation   total 174784K, used 174476K [0x09d50000, 0x14800000, 0x14800000)
   the space 174784K,  99% used [0x09d50000, 0x147b3018, 0x147b3200, 0x14800000)
 Metaspace       used 8223K, capacity 8471K, committed 8576K, reserved 8576K
Event: 11203.010 GC heap after
Heap after GC invocations=107975 (full 13667):
 def new generation   total 78656K, used 65040K [0x04800000, 0x09d50000, 0x09d50000)
  eden space 69952K,  92% used [0x04800000, 0x08784010, 0x08c50000)
  from space 8704K,   0% used [0x094d0000, 0x094d0000, 0x09d50000)
  to   space 8704K,   0% used [0x08c50000, 0x08c50000, 0x094d0000)
 tenured generation   total 174784K, used 174476K [0x09d50000, 0x14800000, 0x14800000)
   the space 174784K,  99% used [0x09d50000, 0x147b3018, 0x147b3200, 0x14800000)
 Metaspace       used 8223K, capacity 8471K, committed 8576K, reserved 8576K
}
Event: 11203.229 GC heap before
{Heap before GC invocations=107975 (full 13667):
 def new generation   total 78656K, used 76626K [0x04800000, 0x09d50000, 0x09d50000)
  eden space 69952K,  97% used [0x04800000, 0x08a8c190, 0x08c50000)
  from space 8704K,  97% used [0x094d0000, 0x09d18a20, 0x09d50000)
  to   space 8704K,   0% used [0x08c50000, 0x08c50000, 0x094d0000)
 tenured generation   total 174784K, used 174476K [0x09d50000, 0x14800000, 0x14800000)
   the space 174784K,  99% used [0x09d50000, 0x147b3018, 0x147b3200, 0x14800000)
 Metaspace       used 8223K, capacity 8471K, committed 8576K, reserved 8576K
Event: 11203.250 GC heap after
Heap after GC invocations=107976 (full 13668):
 def new generation   total 78656K, used 59384K [0x04800000, 0x09d50000, 0x09d50000)
  eden space 69952K,  84% used [0x04800000, 0x081fe3e8, 0x08c50000)
  from space 8704K,   0% used [0x094d0000, 0x094d0000, 0x09d50000)
  to   space 8704K,   0% used [0x08c50000, 0x08c50000, 0x094d0000)
 tenured generation   total 174784K, used 174476K [0x09d50000, 0x14800000, 0x14800000)
   the space 174784K,  99% used [0x09d50000, 0x147b3018, 0x147b3200, 0x14800000)
 Metaspace       used 8223K, capacity 8471K, committed 8576K, reserved 8576K
}
Event: 11203.280 GC heap before
{Heap before GC invocations=107976 (full 13668):
 def new generation   total 78656K, used 76606K [0x04800000, 0x09d50000, 0x09d50000)
  eden space 69952K,  97% used [0x04800000, 0x08a86e08, 0x08c50000)
  from space 8704K,  97% used [0x094d0000, 0x09d18a20, 0x09d50000)
  to   space 8704K,   0% used [0x08c50000, 0x08c50000, 0x094d0000)
 tenured generation   total 174784K, used 174476K [0x09d50000, 0x14800000, 0x14800000)
   the space 174784K,  99% used [0x09d50000, 0x147b3018, 0x147b3200, 0x14800000)
 Metaspace       used 8223K, capacity 8471K, committed 8576K, reserved 8576K
Event: 11203.305 GC heap after
Heap after GC invocations=107977 (full 13669):
 def new generation   total 78656K, used 65040K [0x04800000, 0x09d50000, 0x09d50000)
  eden space 69952K,  92% used [0x04800000, 0x08784080, 0x08c50000)
  from space 8704K,   0% used [0x094d0000, 0x094d0000, 0x09d50000)
  to   space 8704K,   0% used [0x08c50000, 0x08c50000, 0x094d0000)
 tenured generation   total 174784K, used 174476K [0x09d50000, 0x14800000, 0x14800000)
   the space 174784K,  99% used [0x09d50000, 0x147b3018, 0x147b3200, 0x14800000)
 Metaspace       used 8223K, capacity 8471K, committed 8576K, reserved 8576K
}

