# JRE version: Java(TM) SE Runtime Environment (8.0_102-b14) (build 1.8.0_102-b14)
# Java VM: Java HotSpot(TM) Client VM (25.102-b14 mixed mode windows-x86 )
Heap:
 def new generation   total 20544K, used 17513K [0x04800000, 0x05e40000, 0x09d50000)
  eden space 18304K,  95% used [0x04800000, 0x05919d90, 0x059e0000)
  from space 2240K,   0% used [0x059e0000, 0x059e0838, 0x05c10000)
  to   space 2240K,   0% used [0x05c10000, 0x05c10000, 0x05e40000)
 tenured generation   total 45400K, used 21578K [0x09d50000, 0x0c9a6000, 0x14800000)
   the space 45400K,  47% used [0x09d50000, 0x0b2629a8, 0x0b262a00, 0x0c9a6000)
 Metaspace       used 7703K, capacity 7956K, committed 8064K, reserved 8576K
GC Heap History (10 events):
Event: 541.507 GC heap before
{Heap before GC invocations=1161 (full 579):
 def new generation   total 12096K, used 8771K [0x04800000, 0x05520000, 0x09d50000)
  eden space 10752K,  81% used [0x04800000, 0x05090ac0, 0x05280000)
  from space 1344K,   0% used [0x053d0000, 0x053d0230, 0x05520000)
  to   space 1344K,   0% used [0x05280000, 0x05280000, 0x053d0000)
 tenured generation   total 26788K, used 24406K [0x09d50000, 0x0b779000, 0x14800000)
   the space 26788K,  91% used [0x09d50000, 0x0b525b30, 0x0b525c00, 0x0b779000)
 Metaspace       used 7700K, capacity 7956K, committed 8064K, reserved 8576K
Event: 541.540 GC heap after
Heap after GC invocations=1162 (full 580):
 def new generation   total 20544K, used 0K [0x04800000, 0x05e40000, 0x09d50000)
  eden space 18304K,   0% used [0x04800000, 0x04800000, 0x059e0000)
  from space 2240K,   0% used [0x059e0000, 0x059e0000, 0x05c10000)
  to   space 2240K,   0% used [0x05c10000, 0x05c10000, 0x05e40000)
 tenured generation   total 45400K, used 27238K [0x09d50000, 0x0c9a6000, 0x14800000)
   the space 45400K,  59% used [0x09d50000, 0x0b7e9a60, 0x0b7e9c00, 0x0c9a6000)
 Metaspace       used 7700K, capacity 7956K, committed 8064K, reserved 8576K
}
Event: 541.849 GC heap before
{Heap before GC invocations=1162 (full 580):
 def new generation   total 20544K, used 14582K [0x04800000, 0x05e40000, 0x09d50000)
  eden space 18304K,  79% used [0x04800000, 0x0563d808, 0x059e0000)
  from space 2240K,   0% used [0x059e0000, 0x059e0000, 0x05c10000)
  to   space 2240K,   0% used [0x05c10000, 0x05c10000, 0x05e40000)
 tenured generation   total 45400K, used 27238K [0x09d50000, 0x0c9a6000, 0x14800000)
   the space 45400K,  59% used [0x09d50000, 0x0b7e9a60, 0x0b7e9c00, 0x0c9a6000)
 Metaspace       used 7700K, capacity 7956K, committed 8064K, reserved 8576K
Event: 541.859 GC heap after
Heap after GC invocations=1163 (full 580):
 def new generation   total 20544K, used 1K [0x04800000, 0x05e40000, 0x09d50000)
  eden space 18304K,   0% used [0x04800000, 0x04800000, 0x059e0000)
  from space 2240K,   0% used [0x05c10000, 0x05c105a8, 0x05e40000)
  to   space 2240K,   0% used [0x059e0000, 0x059e0000, 0x05c10000)
 tenured generation   total 45400K, used 38548K [0x09d50000, 0x0c9a6000, 0x14800000)
   the space 45400K,  84% used [0x09d50000, 0x0c2f5280, 0x0c2f5400, 0x0c9a6000)
 Metaspace       used 7700K, capacity 7956K, committed 8064K, reserved 8576K
}
Event: 542.198 GC heap before
{Heap before GC invocations=1163 (full 580):
 def new generation   total 20544K, used 17388K [0x04800000, 0x05e40000, 0x09d50000)
  eden space 18304K,  94% used [0x04800000, 0x058fada0, 0x059e0000)
  from space 2240K,   0% used [0x05c10000, 0x05c105a8, 0x05e40000)
  to   space 2240K,   0% used [0x059e0000, 0x059e0000, 0x05c10000)
 tenured generation   total 45400K, used 38548K [0x09d50000, 0x0c9a6000, 0x14800000)
   the space 45400K,  84% used [0x09d50000, 0x0c2f5280, 0x0c2f5400, 0x0c9a6000)
 Metaspace       used 7700K, capacity 7956K, committed 8064K, reserved 8576K
Event: 542.224 GC heap after
Heap after GC invocations=1164 (full 581):
 def new generation   total 20544K, used 0K [0x04800000, 0x05e40000, 0x09d50000)
  eden space 18304K,   0% used [0x04800000, 0x04800000, 0x059e0000)
  from space 2240K,   0% used [0x059e0000, 0x059e0000, 0x05c10000)
  to   space 2240K,   0% used [0x05c10000, 0x05c10000, 0x05e40000)
 tenured generation   total 45400K, used 10268K [0x09d50000, 0x0c9a6000, 0x14800000)
   the space 45400K,  22% used [0x09d50000, 0x0a757178, 0x0a757200, 0x0c9a6000)
 Metaspace       used 7700K, capacity 7956K, committed 8064K, reserved 8576K
}
Event: 542.294 GC heap before
{Heap before GC invocations=1164 (full 581):
 def new generation   total 20544K, used 17208K [0x04800000, 0x05e40000, 0x09d50000)
  eden space 18304K,  94% used [0x04800000, 0x058ce358, 0x059e0000)
  from space 2240K,   0% used [0x059e0000, 0x059e0000, 0x05c10000)
  to   space 2240K,   0% used [0x05c10000, 0x05c10000, 0x05e40000)
 tenured generation   total 45400K, used 10268K [0x09d50000, 0x0c9a6000, 0x14800000)
   the space 45400K,  22% used [0x09d50000, 0x0a757178, 0x0a757200, 0x0c9a6000)
 Metaspace       used 7700K, capacity 7956K, committed 8064K, reserved 8576K
Event: 542.302 GC heap after
Heap after GC invocations=1165 (full 581):
 def new generation   total 20544K, used 0K [0x04800000, 0x05e40000, 0x09d50000)
  eden space 18304K,   0% used [0x04800000, 0x04800000, 0x059e0000)
  from space 2240K,   0% used [0x05c10000, 0x05c10258, 0x05e40000)
  to   space 2240K,   0% used [0x059e0000, 0x059e0000, 0x05c10000)
 tenured generation   total 45400K, used 18750K [0x09d50000, 0x0c9a6000, 0x14800000)
   the space 45400K,  41% used [0x09d50000, 0x0af9fb98, 0x0af9fc00, 0x0c9a6000)
 Metaspace       used 7700K, capacity 7956K, committed 8064K, reserved 8576K
}
Event: 542.581 GC heap before
{Heap before GC invocations=1165 (full 581):
 def new generation   total 20544K, used 17404K [0x04800000, 0x05e40000, 0x09d50000)
  eden space 18304K,  95% used [0x04800000, 0x058fef70, 0x059e0000)
  from space 2240K,   0% used [0x05c10000, 0x05c10258, 0x05e40000)
  to   space 2240K,   0% used [0x059e0000, 0x059e0000, 0x05c10000)
 tenured generation   total 45400K, used 18750K [0x09d50000, 0x0c9a6000, 0x14800000)
   the space 45400K,  41% used [0x09d50000, 0x0af9fb98, 0x0af9fc00, 0x0c9a6000)
 Metaspace       used 7700K, capacity 7956K, committed 8064K, reserved 8576K
Event: 542.584 GC heap after
Heap after GC invocations=1166 (full 581):
 def new generation   total 20544K, used 2K [0x04800000, 0x05e40000, 0x09d50000)
  eden space 18304K,   0% used [0x04800000, 0x04800000, 0x059e0000)
  from space 2240K,   0% used [0x059e0000, 0x059e0838, 0x05c10000)
  to   space 2240K,   0% used [0x05c10000, 0x05c10000, 0x05e40000)
 tenured generation   total 45400K, used 21578K [0x09d50000, 0x0c9a6000, 0x14800000)
   the space 45400K,  47% used [0x09d50000, 0x0b2629a8, 0x0b262a00, 0x0c9a6000)
 Metaspace       used 7700K, capacity 7956K, committed 8064K, reserved 8576K
}

