# JRE version: Java(TM) SE Runtime Environment (8.0_102-b14) (build 1.8.0_102-b14)
# Java VM: Java HotSpot(TM) Client VM (25.102-b14 mixed mode windows-x86 )
Heap:
 def new generation   total 54528K, used 40864K [0x04800000, 0x08320000, 0x09d50000)
  eden space 48512K,  72% used [0x04800000, 0x06a61f90, 0x07760000)
  from space 6016K,  94% used [0x07d40000, 0x082c6070, 0x08320000)
  to   space 6016K,   0% used [0x07760000, 0x07760000, 0x07d40000)
 tenured generation   total 120972K, used 112168K [0x09d50000, 0x11373000, 0x14800000)
   the space 120972K,  92% used [0x09d50000, 0x10ada098, 0x10ada200, 0x11373000)
 Metaspace       used 8151K, capacity 8407K, committed 8448K, reserved 8576K
GC Heap History (10 events):
Event: 3622.302 GC heap before
{Heap before GC invocations=33266 (full 7068):
 def new generation   total 54528K, used 46188K [0x04800000, 0x08320000, 0x09d50000)
  eden space 48512K,  95% used [0x04800000, 0x0751b280, 0x07760000)
  from space 6016K,   0% used [0x07760000, 0x07760000, 0x07d40000)
  to   space 6016K,   0% used [0x07d40000, 0x07d40000, 0x08320000)
 tenured generation   total 120972K, used 69753K [0x09d50000, 0x11373000, 0x14800000)
   the space 120972K,  57% used [0x09d50000, 0x0e16e5d8, 0x0e16e600, 0x11373000)
 Metaspace       used 8149K, capacity 8407K, committed 8448K, reserved 8576K
Event: 3622.316 GC heap after
Heap after GC invocations=33267 (full 7068):
 def new generation   total 54528K, used 5656K [0x04800000, 0x08320000, 0x09d50000)
  eden space 48512K,   0% used [0x04800000, 0x04800000, 0x07760000)
  from space 6016K,  94% used [0x07d40000, 0x082c6398, 0x08320000)
  to   space 6016K,   0% used [0x07760000, 0x07760000, 0x07d40000)
 tenured generation   total 120972K, used 81063K [0x09d50000, 0x11373000, 0x14800000)
   the space 120972K,  67% used [0x09d50000, 0x0ec79df8, 0x0ec79e00, 0x11373000)
 Metaspace       used 8149K, capacity 8407K, committed 8448K, reserved 8576K
}
Event: 3622.568 GC heap before
{Heap before GC invocations=33267 (full 7068):
 def new generation   total 54528K, used 51847K [0x04800000, 0x08320000, 0x09d50000)
  eden space 48512K,  95% used [0x04800000, 0x0751b880, 0x07760000)
  from space 6016K,  94% used [0x07d40000, 0x082c6398, 0x08320000)
  to   space 6016K,   0% used [0x07760000, 0x07760000, 0x07d40000)
 tenured generation   total 120972K, used 81063K [0x09d50000, 0x11373000, 0x14800000)
   the space 120972K,  67% used [0x09d50000, 0x0ec79df8, 0x0ec79e00, 0x11373000)
 Metaspace       used 8149K, capacity 8407K, committed 8448K, reserved 8576K
Event: 3622.580 GC heap after
Heap after GC invocations=33268 (full 7068):
 def new generation   total 54528K, used 5656K [0x04800000, 0x08320000, 0x09d50000)
  eden space 48512K,   0% used [0x04800000, 0x04800000, 0x07760000)
  from space 6016K,  94% used [0x07760000, 0x07ce6070, 0x07d40000)
  to   space 6016K,   0% used [0x07d40000, 0x07d40000, 0x08320000)
 tenured generation   total 120972K, used 89546K [0x09d50000, 0x11373000, 0x14800000)
   the space 120972K,  74% used [0x09d50000, 0x0f4c2ae8, 0x0f4c2c00, 0x11373000)
 Metaspace       used 8149K, capacity 8407K, committed 8448K, reserved 8576K
}
Event: 3623.051 GC heap before
{Heap before GC invocations=33268 (full 7068):
 def new generation   total 54528K, used 49019K [0x04800000, 0x08320000, 0x09d50000)
  eden space 48512K,  89% used [0x04800000, 0x07258f28, 0x07760000)
  from space 6016K,  94% used [0x07760000, 0x07ce6070, 0x07d40000)
  to   space 6016K,   0% used [0x07d40000, 0x07d40000, 0x08320000)
 tenured generation   total 120972K, used 89546K [0x09d50000, 0x11373000, 0x14800000)
   the space 120972K,  74% used [0x09d50000, 0x0f4c2ae8, 0x0f4c2c00, 0x11373000)
 Metaspace       used 8149K, capacity 8407K, committed 8448K, reserved 8576K
Event: 3623.064 GC heap after
Heap after GC invocations=33269 (full 7068):
 def new generation   total 54528K, used 5656K [0x04800000, 0x08320000, 0x09d50000)
  eden space 48512K,   0% used [0x04800000, 0x04800000, 0x07760000)
  from space 6016K,  94% used [0x07d40000, 0x082c6388, 0x08320000)
  to   space 6016K,   0% used [0x07760000, 0x07760000, 0x07d40000)
 tenured generation   total 120972K, used 98029K [0x09d50000, 0x11373000, 0x14800000)
   the space 120972K,  81% used [0x09d50000, 0x0fd0b508, 0x0fd0b600, 0x11373000)
 Metaspace       used 8149K, capacity 8407K, committed 8448K, reserved 8576K
}
Event: 3623.548 GC heap before
{Heap before GC invocations=33269 (full 7068):
 def new generation   total 54528K, used 51848K [0x04800000, 0x08320000, 0x09d50000)
  eden space 48512K,  95% used [0x04800000, 0x0751bd70, 0x07760000)
  from space 6016K,  94% used [0x07d40000, 0x082c6388, 0x08320000)
  to   space 6016K,   0% used [0x07760000, 0x07760000, 0x07d40000)
 tenured generation   total 120972K, used 98029K [0x09d50000, 0x11373000, 0x14800000)
   the space 120972K,  81% used [0x09d50000, 0x0fd0b508, 0x0fd0b600, 0x11373000)
 Metaspace       used 8149K, capacity 8407K, committed 8448K, reserved 8576K
Event: 3623.558 GC heap after
Heap after GC invocations=33270 (full 7068):
 def new generation   total 54528K, used 5656K [0x04800000, 0x08320000, 0x09d50000)
  eden space 48512K,   0% used [0x04800000, 0x04800000, 0x07760000)
  from space 6016K,  94% used [0x07760000, 0x07ce6378, 0x07d40000)
  to   space 6016K,   0% used [0x07d40000, 0x07d40000, 0x08320000)
 tenured generation   total 120972K, used 103684K [0x09d50000, 0x11373000, 0x14800000)
   the space 120972K,  85% used [0x09d50000, 0x102913c8, 0x10291400, 0x11373000)
 Metaspace       used 8149K, capacity 8407K, committed 8448K, reserved 8576K
}
Event: 3623.827 GC heap before
{Heap before GC invocations=33270 (full 7068):
 def new generation   total 54528K, used 51848K [0x04800000, 0x08320000, 0x09d50000)
  eden space 48512K,  95% used [0x04800000, 0x0751bf98, 0x07760000)
  from space 6016K,  94% used [0x07760000, 0x07ce6378, 0x07d40000)
  to   space 6016K,   0% used [0x07d40000, 0x07d40000, 0x08320000)
 tenured generation   total 120972K, used 103684K [0x09d50000, 0x11373000, 0x14800000)
   the space 120972K,  85% used [0x09d50000, 0x102913c8, 0x10291400, 0x11373000)
 Metaspace       used 8149K, capacity 8407K, committed 8448K, reserved 8576K
Event: 3623.838 GC heap after
Heap after GC invocations=33271 (full 7068):
 def new generation   total 54528K, used 5656K [0x04800000, 0x08320000, 0x09d50000)
  eden space 48512K,   0% used [0x04800000, 0x04800000, 0x07760000)
  from space 6016K,  94% used [0x07d40000, 0x082c6070, 0x08320000)
  to   space 6016K,   0% used [0x07760000, 0x07760000, 0x07d40000)
 tenured generation   total 120972K, used 112168K [0x09d50000, 0x11373000, 0x14800000)
   the space 120972K,  92% used [0x09d50000, 0x10ada098, 0x10ada200, 0x11373000)
 Metaspace       used 8149K, capacity 8407K, committed 8448K, reserved 8576K
}

