# JRE version: Java(TM) SE Runtime Environment (8.0_102-b14) (build 1.8.0_102-b14)
# Java VM: Java HotSpot(TM) Client VM (25.102-b14 mixed mode windows-x86 )
Heap:
 def new generation   total 18560K, used 11771K [0x04800000, 0x05c20000, 0x09d50000)
  eden space 16512K,  71% used [0x04800000, 0x0537ef28, 0x05820000)
  from space 2048K,   0% used [0x05820000, 0x05820000, 0x05a20000)
  to   space 2048K,   0% used [0x05a20000, 0x05a20000, 0x05c20000)
 tenured generation   total 41140K, used 18762K [0x09d50000, 0x0c57d000, 0x14800000)
   the space 41140K,  45% used [0x09d50000, 0x0afa2b78, 0x0afa2c00, 0x0c57d000)
 Metaspace       used 7830K, capacity 8084K, committed 8192K, reserved 8576K
GC Heap History (10 events):
Event: 70.362 GC heap before
{Heap before GC invocations=506 (full 144):
 def new generation   total 18560K, used 14530K [0x04800000, 0x05c20000, 0x09d50000)
  eden space 16512K,  87% used [0x04800000, 0x05630700, 0x05820000)
  from space 2048K,   0% used [0x05a20000, 0x05a203e8, 0x05c20000)
  to   space 2048K,   0% used [0x05820000, 0x05820000, 0x05a20000)
 tenured generation   total 41140K, used 35727K [0x09d50000, 0x0c57d000, 0x14800000)
   the space 41140K,  86% used [0x09d50000, 0x0c033ef8, 0x0c034000, 0x0c57d000)
 Metaspace       used 7828K, capacity 8084K, committed 8192K, reserved 8576K
Event: 70.363 GC heap after
Heap after GC invocations=507 (full 144):
 def new generation   total 18560K, used 1K [0x04800000, 0x05c20000, 0x09d50000)
  eden space 16512K,   0% used [0x04800000, 0x04800000, 0x05820000)
  from space 2048K,   0% used [0x05820000, 0x058207c8, 0x05a20000)
  to   space 2048K,   0% used [0x05a20000, 0x05a20000, 0x05c20000)
 tenured generation   total 41140K, used 35727K [0x09d50000, 0x0c57d000, 0x14800000)
   the space 41140K,  86% used [0x09d50000, 0x0c033ef8, 0x0c034000, 0x0c57d000)
 Metaspace       used 7828K, capacity 8084K, committed 8192K, reserved 8576K
}
Event: 70.389 GC heap before
{Heap before GC invocations=507 (full 144):
 def new generation   total 18560K, used 14312K [0x04800000, 0x05c20000, 0x09d50000)
  eden space 16512K,  86% used [0x04800000, 0x055f98b8, 0x05820000)
  from space 2048K,   0% used [0x05820000, 0x058207c8, 0x05a20000)
  to   space 2048K,   0% used [0x05a20000, 0x05a20000, 0x05c20000)
 tenured generation   total 41140K, used 35727K [0x09d50000, 0x0c57d000, 0x14800000)
   the space 41140K,  86% used [0x09d50000, 0x0c033ef8, 0x0c034000, 0x0c57d000)
 Metaspace       used 7828K, capacity 8084K, committed 8192K, reserved 8576K
Event: 70.413 GC heap after
Heap after GC invocations=508 (full 145):
 def new generation   total 18560K, used 0K [0x04800000, 0x05c20000, 0x09d50000)
  eden space 16512K,   0% used [0x04800000, 0x04800000, 0x05820000)
  from space 2048K,   0% used [0x05a20000, 0x05a20000, 0x05c20000)
  to   space 2048K,   0% used [0x05820000, 0x05820000, 0x05a20000)
 tenured generation   total 41140K, used 24416K [0x09d50000, 0x0c57d000, 0x14800000)
   the space 41140K,  59% used [0x09d50000, 0x0b528020, 0x0b528200, 0x0c57d000)
 Metaspace       used 7828K, capacity 8084K, committed 8192K, reserved 8576K
}
Event: 70.520 GC heap before
{Heap before GC invocations=508 (full 145):
 def new generation   total 18560K, used 11731K [0x04800000, 0x05c20000, 0x09d50000)
  eden space 16512K,  71% used [0x04800000, 0x05374fb8, 0x05820000)
  from space 2048K,   0% used [0x05a20000, 0x05a20000, 0x05c20000)
  to   space 2048K,   0% used [0x05820000, 0x05820000, 0x05a20000)
 tenured generation   total 41140K, used 24416K [0x09d50000, 0x0c57d000, 0x14800000)
   the space 41140K,  59% used [0x09d50000, 0x0b528020, 0x0b528200, 0x0c57d000)
 Metaspace       used 7828K, capacity 8084K, committed 8192K, reserved 8576K
Event: 70.526 GC heap after
Heap after GC invocations=509 (full 145):
 def new generation   total 18560K, used 3K [0x04800000, 0x05c20000, 0x09d50000)
  eden space 16512K,   0% used [0x04800000, 0x04800000, 0x05820000)
  from space 2048K,   0% used [0x05820000, 0x05820dc8, 0x05a20000)
  to   space 2048K,   0% used [0x05a20000, 0x05a20000, 0x05c20000)
 tenured generation   total 41140K, used 32898K [0x09d50000, 0x0c57d000, 0x14800000)
   the space 41140K,  79% used [0x09d50000, 0x0bd70a40, 0x0bd70c00, 0x0c57d000)
 Metaspace       used 7828K, capacity 8084K, committed 8192K, reserved 8576K
}
Event: 70.635 GC heap before
{Heap before GC invocations=509 (full 145):
 def new generation   total 18560K, used 14527K [0x04800000, 0x05c20000, 0x09d50000)
  eden space 16512K,  87% used [0x04800000, 0x0562efc0, 0x05820000)
  from space 2048K,   0% used [0x05820000, 0x05820dc8, 0x05a20000)
  to   space 2048K,   0% used [0x05a20000, 0x05a20000, 0x05c20000)
 tenured generation   total 41140K, used 32898K [0x09d50000, 0x0c57d000, 0x14800000)
   the space 41140K,  79% used [0x09d50000, 0x0bd70a40, 0x0bd70c00, 0x0c57d000)
 Metaspace       used 7828K, capacity 8084K, committed 8192K, reserved 8576K
Event: 70.639 GC heap after
Heap after GC invocations=510 (full 145):
 def new generation   total 18560K, used 1K [0x04800000, 0x05c20000, 0x09d50000)
  eden space 16512K,   0% used [0x04800000, 0x04800000, 0x05820000)
  from space 2048K,   0% used [0x05a20000, 0x05a205a0, 0x05c20000)
  to   space 2048K,   0% used [0x05820000, 0x05820000, 0x05a20000)
 tenured generation   total 41140K, used 38553K [0x09d50000, 0x0c57d000, 0x14800000)
   the space 41140K,  93% used [0x09d50000, 0x0c2f6650, 0x0c2f6800, 0x0c57d000)
 Metaspace       used 7828K, capacity 8084K, committed 8192K, reserved 8576K
}
Event: 70.751 GC heap before
{Heap before GC invocations=510 (full 145):
 def new generation   total 18560K, used 11678K [0x04800000, 0x05c20000, 0x09d50000)
  eden space 16512K,  70% used [0x04800000, 0x05367298, 0x05820000)
  from space 2048K,   0% used [0x05a20000, 0x05a205a0, 0x05c20000)
  to   space 2048K,   0% used [0x05820000, 0x05820000, 0x05a20000)
 tenured generation   total 41140K, used 38553K [0x09d50000, 0x0c57d000, 0x14800000)
   the space 41140K,  93% used [0x09d50000, 0x0c2f6650, 0x0c2f6800, 0x0c57d000)
 Metaspace       used 7828K, capacity 8084K, committed 8192K, reserved 8576K
Event: 70.776 GC heap after
Heap after GC invocations=511 (full 146):
 def new generation   total 18560K, used 0K [0x04800000, 0x05c20000, 0x09d50000)
  eden space 16512K,   0% used [0x04800000, 0x04800000, 0x05820000)
  from space 2048K,   0% used [0x05820000, 0x05820000, 0x05a20000)
  to   space 2048K,   0% used [0x05a20000, 0x05a20000, 0x05c20000)
 tenured generation   total 41140K, used 18762K [0x09d50000, 0x0c57d000, 0x14800000)
   the space 41140K,  45% used [0x09d50000, 0x0afa2b78, 0x0afa2c00, 0x0c57d000)
 Metaspace       used 7828K, capacity 8084K, committed 8192K, reserved 8576K
}

