# JRE version: Java(TM) SE Runtime Environment (8.0_102-b14) (build 1.8.0_102-b14)
# Java VM: Java HotSpot(TM) Client VM (25.102-b14 mixed mode windows-x86 )
Heap:
 def new generation   total 32768K, used 6531K [0x04a00000, 0x06d80000, 0x09f50000)
  eden space 29184K,  12% used [0x04a00000, 0x04d9de80, 0x06680000)
  from space 3584K,  78% used [0x06a00000, 0x06cc3058, 0x06d80000)
  to   space 3584K,   0% used [0x06680000, 0x06680000, 0x06a00000)
 tenured generation   total 72568K, used 35915K [0x09f50000, 0x0e62e000, 0x14a00000)
   the space 72568K,  49% used [0x09f50000, 0x0c262c08, 0x0c262e00, 0x0e62e000)
 Metaspace       used 8022K, capacity 8286K, committed 8448K, reserved 8576K
GC Heap History (10 events):
Event: 89207.527 GC heap before
{Heap before GC invocations=530129 (full 38914):
 def new generation   total 32768K, used 28848K [0x04a00000, 0x06d80000, 0x09f50000)
  eden space 29184K,  89% used [0x04a00000, 0x06369170, 0x06680000)
  from space 3584K,  78% used [0x06680000, 0x06943000, 0x06a00000)
  to   space 3584K,   0% used [0x06a00000, 0x06a00000, 0x06d80000)
 tenured generation   total 72568K, used 35915K [0x09f50000, 0x0e62e000, 0x14a00000)
   the space 72568K,  49% used [0x09f50000, 0x0c262c00, 0x0c262c00, 0x0e62e000)
 Metaspace       used 8020K, capacity 8286K, committed 8448K, reserved 8576K
Event: 89207.540 GC heap after
Heap after GC invocations=530130 (full 38914):
 def new generation   total 32768K, used 2828K [0x04a00000, 0x06d80000, 0x09f50000)
  eden space 29184K,   0% used [0x04a00000, 0x04a00000, 0x06680000)
  from space 3584K,  78% used [0x06a00000, 0x06cc3000, 0x06d80000)
  to   space 3584K,   0% used [0x06680000, 0x06680000, 0x06a00000)
 tenured generation   total 72568K, used 47225K [0x09f50000, 0x0e62e000, 0x14a00000)
   the space 72568K,  65% used [0x09f50000, 0x0cd6e420, 0x0cd6e600, 0x0e62e000)
 Metaspace       used 8020K, capacity 8286K, committed 8448K, reserved 8576K
}
Event: 89207.785 GC heap before
{Heap before GC invocations=530130 (full 38914):
 def new generation   total 32768K, used 31701K [0x04a00000, 0x06d80000, 0x09f50000)
  eden space 29184K,  98% used [0x04a00000, 0x066324a0, 0x06680000)
  from space 3584K,  78% used [0x06a00000, 0x06cc3000, 0x06d80000)
  to   space 3584K,   0% used [0x06680000, 0x06680000, 0x06a00000)
 tenured generation   total 72568K, used 47225K [0x09f50000, 0x0e62e000, 0x14a00000)
   the space 72568K,  65% used [0x09f50000, 0x0cd6e420, 0x0cd6e600, 0x0e62e000)
 Metaspace       used 8020K, capacity 8286K, committed 8448K, reserved 8576K
Event: 89207.796 GC heap after
Heap after GC invocations=530131 (full 38914):
 def new generation   total 32768K, used 2828K [0x04a00000, 0x06d80000, 0x09f50000)
  eden space 29184K,   0% used [0x04a00000, 0x04a00000, 0x06680000)
  from space 3584K,  78% used [0x06680000, 0x06943248, 0x06a00000)
  to   space 3584K,   0% used [0x06a00000, 0x06a00000, 0x06d80000)
 tenured generation   total 72568K, used 58535K [0x09f50000, 0x0e62e000, 0x14a00000)
   the space 72568K,  80% used [0x09f50000, 0x0d879c58, 0x0d879e00, 0x0e62e000)
 Metaspace       used 8020K, capacity 8286K, committed 8448K, reserved 8576K
}
Event: 89208.264 GC heap before
{Heap before GC invocations=530131 (full 38914):
 def new generation   total 32768K, used 28872K [0x04a00000, 0x06d80000, 0x09f50000)
  eden space 29184K,  89% used [0x04a00000, 0x0636efc0, 0x06680000)
  from space 3584K,  78% used [0x06680000, 0x06943248, 0x06a00000)
  to   space 3584K,   0% used [0x06a00000, 0x06a00000, 0x06d80000)
 tenured generation   total 72568K, used 58535K [0x09f50000, 0x0e62e000, 0x14a00000)
   the space 72568K,  80% used [0x09f50000, 0x0d879c58, 0x0d879e00, 0x0e62e000)
 Metaspace       used 8020K, capacity 8286K, committed 8448K, reserved 8576K
Event: 89208.273 GC heap after
Heap after GC invocations=530132 (full 38914):
 def new generation   total 32768K, used 2828K [0x04a00000, 0x06d80000, 0x09f50000)
  eden space 29184K,   0% used [0x04a00000, 0x04a00000, 0x06680000)
  from space 3584K,  78% used [0x06a00000, 0x06cc3088, 0x06d80000)
  to   space 3584K,   0% used [0x06680000, 0x06680000, 0x06a00000)
 tenured generation   total 72568K, used 67017K [0x09f50000, 0x0e62e000, 0x14a00000)
   the space 72568K,  92% used [0x09f50000, 0x0e0c2678, 0x0e0c2800, 0x0e62e000)
 Metaspace       used 8020K, capacity 8286K, committed 8448K, reserved 8576K
}
Event: 89208.514 GC heap before
{Heap before GC invocations=530132 (full 38914):
 def new generation   total 32768K, used 28848K [0x04a00000, 0x06d80000, 0x09f50000)
  eden space 29184K,  89% used [0x04a00000, 0x06369258, 0x06680000)
  from space 3584K,  78% used [0x06a00000, 0x06cc3088, 0x06d80000)
  to   space 3584K,   0% used [0x06680000, 0x06680000, 0x06a00000)
 tenured generation   total 72568K, used 67017K [0x09f50000, 0x0e62e000, 0x14a00000)
   the space 72568K,  92% used [0x09f50000, 0x0e0c2678, 0x0e0c2800, 0x0e62e000)
 Metaspace       used 8020K, capacity 8286K, committed 8448K, reserved 8576K
Event: 89208.550 GC heap after
Heap after GC invocations=530133 (full 38915):
 def new generation   total 32768K, used 0K [0x04a00000, 0x06d80000, 0x09f50000)
  eden space 29184K,   0% used [0x04a00000, 0x04a00000, 0x06680000)
  from space 3584K,   0% used [0x06680000, 0x06680000, 0x06a00000)
  to   space 3584K,   0% used [0x06a00000, 0x06a00000, 0x06d80000)
 tenured generation   total 72568K, used 24604K [0x09f50000, 0x0e62e000, 0x14a00000)
   the space 72568K,  33% used [0x09f50000, 0x0b7573e8, 0x0b757400, 0x0e62e000)
 Metaspace       used 8020K, capacity 8286K, committed 8448K, reserved 8576K
}
Event: 89208.802 GC heap before
{Heap before GC invocations=530133 (full 38915):
 def new generation   total 32768K, used 28848K [0x04a00000, 0x06d80000, 0x09f50000)
  eden space 29184K,  98% used [0x04a00000, 0x0662c0c0, 0x06680000)
  from space 3584K,   0% used [0x06680000, 0x06680000, 0x06a00000)
  to   space 3584K,   0% used [0x06a00000, 0x06a00000, 0x06d80000)
 tenured generation   total 72568K, used 24604K [0x09f50000, 0x0e62e000, 0x14a00000)
   the space 72568K,  33% used [0x09f50000, 0x0b7573e8, 0x0b757400, 0x0e62e000)
 Metaspace       used 8020K, capacity 8286K, committed 8448K, reserved 8576K
Event: 89208.814 GC heap after
Heap after GC invocations=530134 (full 38915):
 def new generation   total 32768K, used 2828K [0x04a00000, 0x06d80000, 0x09f50000)
  eden space 29184K,   0% used [0x04a00000, 0x04a00000, 0x06680000)
  from space 3584K,  78% used [0x06a00000, 0x06cc3058, 0x06d80000)
  to   space 3584K,   0% used [0x06680000, 0x06680000, 0x06a00000)
 tenured generation   total 72568K, used 35915K [0x09f50000, 0x0e62e000, 0x14a00000)
   the space 72568K,  49% used [0x09f50000, 0x0c262c08, 0x0c262e00, 0x0e62e000)
 Metaspace       used 8020K, capacity 8286K, committed 8448K, reserved 8576K
}

