# JRE version: Java(TM) SE Runtime Environment (8.0_102-b14) (build 1.8.0_102-b14)
# Java VM: Java HotSpot(TM) Client VM (25.102-b14 mixed mode windows-x86 )
Heap:
 def new generation   total 12160K, used 8868K [0x04800000, 0x05530000, 0x09d50000)
  eden space 10816K,  81% used [0x04800000, 0x050a85a0, 0x05290000)
  from space 1344K,   0% used [0x053e0000, 0x053e0d20, 0x05530000)
  to   space 1344K,   0% used [0x05290000, 0x05290000, 0x053e0000)
 tenured generation   total 26840K, used 24584K [0x09d50000, 0x0b786000, 0x14800000)
   the space 26840K,  91% used [0x09d50000, 0x0b552008, 0x0b552200, 0x0b786000)
 Metaspace       used 7962K, capacity 8230K, committed 8320K, reserved 8576K
GC Heap History (10 events):
Event: 17.274 GC heap before
{Heap before GC invocations=150 (full 74):
 def new generation   total 12160K, used 8780K [0x04800000, 0x05530000, 0x09d50000)
  eden space 10816K,  81% used [0x04800000, 0x050931f0, 0x05290000)
  from space 1344K,   0% used [0x05290000, 0x05290000, 0x053e0000)
  to   space 1344K,   0% used [0x053e0000, 0x053e0000, 0x05530000)
 tenured generation   total 26840K, used 16101K [0x09d50000, 0x0b786000, 0x14800000)
   the space 26840K,  59% used [0x09d50000, 0x0ad09618, 0x0ad09800, 0x0b786000)
 Metaspace       used 7960K, capacity 8230K, committed 8320K, reserved 8576K
Event: 17.285 GC heap after
Heap after GC invocations=151 (full 74):
 def new generation   total 12160K, used 3K [0x04800000, 0x05530000, 0x09d50000)
  eden space 10816K,   0% used [0x04800000, 0x04800000, 0x05290000)
  from space 1344K,   0% used [0x053e0000, 0x053e0d00, 0x05530000)
  to   space 1344K,   0% used [0x05290000, 0x05290000, 0x053e0000)
 tenured generation   total 26840K, used 24584K [0x09d50000, 0x0b786000, 0x14800000)
   the space 26840K,  91% used [0x09d50000, 0x0b552038, 0x0b552200, 0x0b786000)
 Metaspace       used 7960K, capacity 8230K, committed 8320K, reserved 8576K
}
Event: 17.388 GC heap before
{Heap before GC invocations=151 (full 74):
 def new generation   total 12160K, used 8753K [0x04800000, 0x05530000, 0x09d50000)
  eden space 10816K,  80% used [0x04800000, 0x0508b7d8, 0x05290000)
  from space 1344K,   0% used [0x053e0000, 0x053e0d00, 0x05530000)
  to   space 1344K,   0% used [0x05290000, 0x05290000, 0x053e0000)
 tenured generation   total 26840K, used 24584K [0x09d50000, 0x0b786000, 0x14800000)
   the space 26840K,  91% used [0x09d50000, 0x0b552038, 0x0b552200, 0x0b786000)
 Metaspace       used 7960K, capacity 8230K, committed 8320K, reserved 8576K
Event: 17.421 GC heap after
Heap after GC invocations=152 (full 75):
 def new generation   total 12160K, used 0K [0x04800000, 0x05530000, 0x09d50000)
  eden space 10816K,   0% used [0x04800000, 0x04800000, 0x05290000)
  from space 1344K,   0% used [0x05290000, 0x05290000, 0x053e0000)
  to   space 1344K,   0% used [0x053e0000, 0x053e0000, 0x05530000)
 tenured generation   total 26840K, used 13274K [0x09d50000, 0x0b786000, 0x14800000)
   the space 26840K,  49% used [0x09d50000, 0x0aa46aa8, 0x0aa46c00, 0x0b786000)
 Metaspace       used 7960K, capacity 8230K, committed 8320K, reserved 8576K
}
Event: 17.432 GC heap before
{Heap before GC invocations=152 (full 75):
 def new generation   total 12160K, used 5767K [0x04800000, 0x05530000, 0x09d50000)
  eden space 10816K,  53% used [0x04800000, 0x04da1d20, 0x05290000)
  from space 1344K,   0% used [0x05290000, 0x05290000, 0x053e0000)
  to   space 1344K,   0% used [0x053e0000, 0x053e0000, 0x05530000)
 tenured generation   total 26840K, used 13274K [0x09d50000, 0x0b786000, 0x14800000)
   the space 26840K,  49% used [0x09d50000, 0x0aa46aa8, 0x0aa46c00, 0x0b786000)
 Metaspace       used 7960K, capacity 8230K, committed 8320K, reserved 8576K
Event: 17.437 GC heap after
Heap after GC invocations=153 (full 75):
 def new generation   total 12160K, used 0K [0x04800000, 0x05530000, 0x09d50000)
  eden space 10816K,   0% used [0x04800000, 0x04800000, 0x05290000)
  from space 1344K,   0% used [0x053e0000, 0x053e0018, 0x05530000)
  to   space 1344K,   0% used [0x05290000, 0x05290000, 0x053e0000)
 tenured generation   total 26840K, used 18929K [0x09d50000, 0x0b786000, 0x14800000)
   the space 26840K,  70% used [0x09d50000, 0x0afcc6b8, 0x0afcc800, 0x0b786000)
 Metaspace       used 7960K, capacity 8230K, committed 8320K, reserved 8576K
}
Event: 17.445 GC heap before
{Heap before GC invocations=153 (full 75):
 def new generation   total 12160K, used 8629K [0x04800000, 0x05530000, 0x09d50000)
  eden space 10816K,  79% used [0x04800000, 0x0506d720, 0x05290000)
  from space 1344K,   0% used [0x053e0000, 0x053e0018, 0x05530000)
  to   space 1344K,   0% used [0x05290000, 0x05290000, 0x053e0000)
 tenured generation   total 26840K, used 18929K [0x09d50000, 0x0b786000, 0x14800000)
   the space 26840K,  70% used [0x09d50000, 0x0afcc6b8, 0x0afcc800, 0x0b786000)
 Metaspace       used 7960K, capacity 8230K, committed 8320K, reserved 8576K
Event: 17.479 GC heap after
Heap after GC invocations=154 (full 76):
 def new generation   total 12160K, used 0K [0x04800000, 0x05530000, 0x09d50000)
  eden space 10816K,   0% used [0x04800000, 0x04800000, 0x05290000)
  from space 1344K,   0% used [0x05290000, 0x05290000, 0x053e0000)
  to   space 1344K,   0% used [0x053e0000, 0x053e0000, 0x05530000)
 tenured generation   total 26840K, used 16101K [0x09d50000, 0x0b786000, 0x14800000)
   the space 26840K,  59% used [0x09d50000, 0x0ad095e8, 0x0ad09600, 0x0b786000)
 Metaspace       used 7960K, capacity 8230K, committed 8320K, reserved 8576K
}
Event: 17.609 GC heap before
{Heap before GC invocations=154 (full 76):
 def new generation   total 12160K, used 8788K [0x04800000, 0x05530000, 0x09d50000)
  eden space 10816K,  81% used [0x04800000, 0x05095268, 0x05290000)
  from space 1344K,   0% used [0x05290000, 0x05290000, 0x053e0000)
  to   space 1344K,   0% used [0x053e0000, 0x053e0000, 0x05530000)
 tenured generation   total 26840K, used 16101K [0x09d50000, 0x0b786000, 0x14800000)
   the space 26840K,  59% used [0x09d50000, 0x0ad095e8, 0x0ad09600, 0x0b786000)
 Metaspace       used 7960K, capacity 8230K, committed 8320K, reserved 8576K
Event: 17.621 GC heap after
Heap after GC invocations=155 (full 76):
 def new generation   total 12160K, used 3K [0x04800000, 0x05530000, 0x09d50000)
  eden space 10816K,   0% used [0x04800000, 0x04800000, 0x05290000)
  from space 1344K,   0% used [0x053e0000, 0x053e0d20, 0x05530000)
  to   space 1344K,   0% used [0x05290000, 0x05290000, 0x053e0000)
 tenured generation   total 26840K, used 24584K [0x09d50000, 0x0b786000, 0x14800000)
   the space 26840K,  91% used [0x09d50000, 0x0b552008, 0x0b552200, 0x0b786000)
 Metaspace       used 7960K, capacity 8230K, committed 8320K, reserved 8576K
}

