# JRE version: Java(TM) SE Runtime Environment (8.0_102-b14) (build 1.8.0_102-b14)
# Java VM: Java HotSpot(TM) Client VM (25.102-b14 mixed mode windows-x86 )
Heap:
 def new generation   total 12160K, used 3233K [0x04a00000, 0x05730000, 0x09f50000)
  eden space 10816K,  29% used [0x04a00000, 0x04d286c0, 0x05490000)
  from space 1344K,   0% used [0x05490000, 0x05490000, 0x055e0000)
  to   space 1344K,   0% used [0x055e0000, 0x055e0000, 0x05730000)
 tenured generation   total 26816K, used 16087K [0x09f50000, 0x0b980000, 0x14a00000)
   the space 26816K,  59% used [0x09f50000, 0x0af05e98, 0x0af06000, 0x0b980000)
 Metaspace       used 7811K, capacity 8092K, committed 8192K, reserved 8576K
GC Heap History (10 events):
Event: 8.599 GC heap before
{Heap before GC invocations=41 (full 19):
 def new generation   total 12160K, used 5862K [0x04a00000, 0x05730000, 0x09f50000)
  eden space 10816K,  54% used [0x04a00000, 0x04fb9a70, 0x05490000)
  from space 1344K,   0% used [0x055e0000, 0x055e0028, 0x05730000)
  to   space 1344K,   0% used [0x05490000, 0x05490000, 0x055e0000)
 tenured generation   total 26816K, used 21742K [0x09f50000, 0x0b980000, 0x14a00000)
   the space 26816K,  81% used [0x09f50000, 0x0b48bb48, 0x0b48bc00, 0x0b980000)
 Metaspace       used 7809K, capacity 8092K, committed 8192K, reserved 8576K
Event: 8.626 GC heap after
Heap after GC invocations=42 (full 20):
 def new generation   total 12160K, used 0K [0x04a00000, 0x05730000, 0x09f50000)
  eden space 10816K,   0% used [0x04a00000, 0x04a00000, 0x05490000)
  from space 1344K,   0% used [0x05490000, 0x05490000, 0x055e0000)
  to   space 1344K,   0% used [0x055e0000, 0x055e0000, 0x05730000)
 tenured generation   total 26816K, used 16087K [0x09f50000, 0x0b980000, 0x14a00000)
   the space 26816K,  59% used [0x09f50000, 0x0af05e40, 0x0af06000, 0x0b980000)
 Metaspace       used 7809K, capacity 8092K, committed 8192K, reserved 8576K
}
Event: 8.634 GC heap before
{Heap before GC invocations=42 (full 20):
 def new generation   total 12160K, used 8690K [0x04a00000, 0x05730000, 0x09f50000)
  eden space 10816K,  80% used [0x04a00000, 0x0527ca98, 0x05490000)
  from space 1344K,   0% used [0x05490000, 0x05490000, 0x055e0000)
  to   space 1344K,   0% used [0x055e0000, 0x055e0000, 0x05730000)
 tenured generation   total 26816K, used 16087K [0x09f50000, 0x0b980000, 0x14a00000)
   the space 26816K,  59% used [0x09f50000, 0x0af05e40, 0x0af06000, 0x0b980000)
 Metaspace       used 7809K, capacity 8092K, committed 8192K, reserved 8576K
Event: 8.640 GC heap after
Heap after GC invocations=43 (full 20):
 def new generation   total 12160K, used 0K [0x04a00000, 0x05730000, 0x09f50000)
  eden space 10816K,   0% used [0x04a00000, 0x04a00000, 0x05490000)
  from space 1344K,   0% used [0x055e0000, 0x055e0230, 0x05730000)
  to   space 1344K,   0% used [0x05490000, 0x05490000, 0x055e0000)
 tenured generation   total 26816K, used 24570K [0x09f50000, 0x0b980000, 0x14a00000)
   the space 26816K,  91% used [0x09f50000, 0x0b74e860, 0x0b74ea00, 0x0b980000)
 Metaspace       used 7809K, capacity 8092K, committed 8192K, reserved 8576K
}
Event: 9.052 GC heap before
{Heap before GC invocations=43 (full 20):
 def new generation   total 12160K, used 5866K [0x04a00000, 0x05730000, 0x09f50000)
  eden space 10816K,  54% used [0x04a00000, 0x04fba958, 0x05490000)
  from space 1344K,   0% used [0x055e0000, 0x055e0230, 0x05730000)
  to   space 1344K,   0% used [0x05490000, 0x05490000, 0x055e0000)
 tenured generation   total 26816K, used 24570K [0x09f50000, 0x0b980000, 0x14a00000)
   the space 26816K,  91% used [0x09f50000, 0x0b74e860, 0x0b74ea00, 0x0b980000)
 Metaspace       used 7809K, capacity 8092K, committed 8192K, reserved 8576K
Event: 9.075 GC heap after
Heap after GC invocations=44 (full 21):
 def new generation   total 12160K, used 0K [0x04a00000, 0x05730000, 0x09f50000)
  eden space 10816K,   0% used [0x04a00000, 0x04a00000, 0x05490000)
  from space 1344K,   0% used [0x05490000, 0x05490000, 0x055e0000)
  to   space 1344K,   0% used [0x055e0000, 0x055e0000, 0x05730000)
 tenured generation   total 26816K, used 13260K [0x09f50000, 0x0b980000, 0x14a00000)
   the space 26816K,  49% used [0x09f50000, 0x0ac43038, 0x0ac43200, 0x0b980000)
 Metaspace       used 7809K, capacity 8092K, committed 8192K, reserved 8576K
}
Event: 9.080 GC heap before
{Heap before GC invocations=44 (full 21):
 def new generation   total 12160K, used 5863K [0x04a00000, 0x05730000, 0x09f50000)
  eden space 10816K,  54% used [0x04a00000, 0x04fb9fe0, 0x05490000)
  from space 1344K,   0% used [0x05490000, 0x05490000, 0x055e0000)
  to   space 1344K,   0% used [0x055e0000, 0x055e0000, 0x05730000)
 tenured generation   total 26816K, used 13260K [0x09f50000, 0x0b980000, 0x14a00000)
   the space 26816K,  49% used [0x09f50000, 0x0ac43038, 0x0ac43200, 0x0b980000)
 Metaspace       used 7809K, capacity 8092K, committed 8192K, reserved 8576K
Event: 9.085 GC heap after
Heap after GC invocations=45 (full 21):
 def new generation   total 12160K, used 0K [0x04a00000, 0x05730000, 0x09f50000)
  eden space 10816K,   0% used [0x04a00000, 0x04a00000, 0x05490000)
  from space 1344K,   0% used [0x055e0000, 0x055e0018, 0x05730000)
  to   space 1344K,   0% used [0x05490000, 0x05490000, 0x055e0000)
 tenured generation   total 26816K, used 18915K [0x09f50000, 0x0b980000, 0x14a00000)
   the space 26816K,  70% used [0x09f50000, 0x0b1c8c48, 0x0b1c8e00, 0x0b980000)
 Metaspace       used 7809K, capacity 8092K, committed 8192K, reserved 8576K
}
Event: 9.093 GC heap before
{Heap before GC invocations=45 (full 21):
 def new generation   total 12160K, used 8693K [0x04a00000, 0x05730000, 0x09f50000)
  eden space 10816K,  80% used [0x04a00000, 0x0527d630, 0x05490000)
  from space 1344K,   0% used [0x055e0000, 0x055e0018, 0x05730000)
  to   space 1344K,   0% used [0x05490000, 0x05490000, 0x055e0000)
 tenured generation   total 26816K, used 18915K [0x09f50000, 0x0b980000, 0x14a00000)
   the space 26816K,  70% used [0x09f50000, 0x0b1c8c48, 0x0b1c8e00, 0x0b980000)
 Metaspace       used 7809K, capacity 8092K, committed 8192K, reserved 8576K
Event: 9.117 GC heap after
Heap after GC invocations=46 (full 22):
 def new generation   total 12160K, used 0K [0x04a00000, 0x05730000, 0x09f50000)
  eden space 10816K,   0% used [0x04a00000, 0x04a00000, 0x05490000)
  from space 1344K,   0% used [0x05490000, 0x05490000, 0x055e0000)
  to   space 1344K,   0% used [0x055e0000, 0x055e0000, 0x05730000)
 tenured generation   total 26816K, used 16087K [0x09f50000, 0x0b980000, 0x14a00000)
   the space 26816K,  59% used [0x09f50000, 0x0af05e98, 0x0af06000, 0x0b980000)
 Metaspace       used 7809K, capacity 8092K, committed 8192K, reserved 8576K
}

