# JRE version: Java(TM) SE Runtime Environment (8.0_102-b14) (build 1.8.0_102-b14)
# Java VM: Java HotSpot(TM) Client VM (25.102-b14 mixed mode windows-x86 )
Heap:
 def new generation   total 78656K, used 66275K [0x04a00000, 0x09f50000, 0x09f50000)
  eden space 69952K,  94% used [0x04a00000, 0x08ab8e38, 0x08e50000)
  from space 8704K,   0% used [0x08e50000, 0x08e50000, 0x096d0000)
  to   space 8704K,   0% used [0x096d0000, 0x096d0000, 0x09f50000)
 tenured generation   total 174784K, used 174372K [0x09f50000, 0x14a00000, 0x14a00000)
   the space 174784K,  99% used [0x09f50000, 0x149991c0, 0x14999200, 0x14a00000)
 Metaspace       used 8161K, capacity 8407K, committed 8448K, reserved 8576K
GC Heap History (10 events):
Event: 4280.408 GC heap before
{Heap before GC invocations=22964 (full 2752):
 def new generation   total 78656K, used 73944K [0x04a00000, 0x09f50000, 0x09f50000)
  eden space 69952K,  97% used [0x04a00000, 0x08cb0518, 0x08e50000)
  from space 8704K,  64% used [0x08e50000, 0x093d5c10, 0x096d0000)
  to   space 8704K,   0% used [0x096d0000, 0x096d0000, 0x09f50000)
 tenured generation   total 174784K, used 174372K [0x09f50000, 0x14a00000, 0x14a00000)
   the space 174784K,  99% used [0x09f50000, 0x149991c0, 0x14999200, 0x14a00000)
 Metaspace       used 8160K, capacity 8407K, committed 8448K, reserved 8576K
Event: 4280.433 GC heap after
Heap after GC invocations=22965 (full 2753):
 def new generation   total 78656K, used 53744K [0x04a00000, 0x09f50000, 0x09f50000)
  eden space 69952K,  76% used [0x04a00000, 0x07e7c010, 0x08e50000)
  from space 8704K,   0% used [0x08e50000, 0x08e50000, 0x096d0000)
  to   space 8704K,   0% used [0x096d0000, 0x096d0000, 0x09f50000)
 tenured generation   total 174784K, used 174372K [0x09f50000, 0x14a00000, 0x14a00000)
   the space 174784K,  99% used [0x09f50000, 0x149991c0, 0x14999200, 0x14a00000)
 Metaspace       used 8160K, capacity 8407K, committed 8448K, reserved 8576K
}
Event: 4280.665 GC heap before
{Heap before GC invocations=22965 (full 2753):
 def new generation   total 78656K, used 74119K [0x04a00000, 0x09f50000, 0x09f50000)
  eden space 69952K,  97% used [0x04a00000, 0x08cdc068, 0x08e50000)
  from space 8704K,  64% used [0x08e50000, 0x093d5c10, 0x096d0000)
  to   space 8704K,   0% used [0x096d0000, 0x096d0000, 0x09f50000)
 tenured generation   total 174784K, used 174372K [0x09f50000, 0x14a00000, 0x14a00000)
   the space 174784K,  99% used [0x09f50000, 0x149991c0, 0x14999200, 0x14a00000)
 Metaspace       used 8160K, capacity 8407K, committed 8448K, reserved 8576K
Event: 4280.690 GC heap after
Heap after GC invocations=22966 (full 2754):
 def new generation   total 78656K, used 53744K [0x04a00000, 0x09f50000, 0x09f50000)
  eden space 69952K,  76% used [0x04a00000, 0x07e7c010, 0x08e50000)
  from space 8704K,   0% used [0x08e50000, 0x08e50000, 0x096d0000)
  to   space 8704K,   0% used [0x096d0000, 0x096d0000, 0x09f50000)
 tenured generation   total 174784K, used 174372K [0x09f50000, 0x14a00000, 0x14a00000)
   the space 174784K,  99% used [0x09f50000, 0x149991c0, 0x14999200, 0x14a00000)
 Metaspace       used 8160K, capacity 8407K, committed 8448K, reserved 8576K
}
Event: 4280.925 GC heap before
{Heap before GC invocations=22966 (full 2754):
 def new generation   total 78656K, used 73943K [0x04a00000, 0x09f50000, 0x09f50000)
  eden space 69952K,  97% used [0x04a00000, 0x08cb03a0, 0x08e50000)
  from space 8704K,  64% used [0x08e50000, 0x093d5c10, 0x096d0000)
  to   space 8704K,   0% used [0x096d0000, 0x096d0000, 0x09f50000)
 tenured generation   total 174784K, used 174372K [0x09f50000, 0x14a00000, 0x14a00000)
   the space 174784K,  99% used [0x09f50000, 0x149991c0, 0x14999200, 0x14a00000)
 Metaspace       used 8160K, capacity 8407K, committed 8448K, reserved 8576K
Event: 4280.951 GC heap after
Heap after GC invocations=22967 (full 2755):
 def new generation   total 78656K, used 53744K [0x04a00000, 0x09f50000, 0x09f50000)
  eden space 69952K,  76% used [0x04a00000, 0x07e7c010, 0x08e50000)
  from space 8704K,   0% used [0x08e50000, 0x08e50000, 0x096d0000)
  to   space 8704K,   0% used [0x096d0000, 0x096d0000, 0x09f50000)
 tenured generation   total 174784K, used 174372K [0x09f50000, 0x14a00000, 0x14a00000)
   the space 174784K,  99% used [0x09f50000, 0x149991c0, 0x14999200, 0x14a00000)
 Metaspace       used 8160K, capacity 8407K, committed 8448K, reserved 8576K
}
Event: 4281.191 GC heap before
{Heap before GC invocations=22967 (full 2755):
 def new generation   total 78656K, used 73944K [0x04a00000, 0x09f50000, 0x09f50000)
  eden space 69952K,  97% used [0x04a00000, 0x08cb0428, 0x08e50000)
  from space 8704K,  64% used [0x08e50000, 0x093d5c10, 0x096d0000)
  to   space 8704K,   0% used [0x096d0000, 0x096d0000, 0x09f50000)
 tenured generation   total 174784K, used 174372K [0x09f50000, 0x14a00000, 0x14a00000)
   the space 174784K,  99% used [0x09f50000, 0x149991c0, 0x14999200, 0x14a00000)
 Metaspace       used 8160K, capacity 8407K, committed 8448K, reserved 8576K
Event: 4281.219 GC heap after
Heap after GC invocations=22968 (full 2756):
 def new generation   total 78656K, used 53744K [0x04a00000, 0x09f50000, 0x09f50000)
  eden space 69952K,  76% used [0x04a00000, 0x07e7c010, 0x08e50000)
  from space 8704K,   0% used [0x08e50000, 0x08e50000, 0x096d0000)
  to   space 8704K,   0% used [0x096d0000, 0x096d0000, 0x09f50000)
 tenured generation   total 174784K, used 174372K [0x09f50000, 0x14a00000, 0x14a00000)
   the space 174784K,  99% used [0x09f50000, 0x149991c0, 0x14999200, 0x14a00000)
 Metaspace       used 8160K, capacity 8407K, committed 8448K, reserved 8576K
}
Event: 4281.461 GC heap before
{Heap before GC invocations=22968 (full 2756):
 def new generation   total 78656K, used 73944K [0x04a00000, 0x09f50000, 0x09f50000)
  eden space 69952K,  97% used [0x04a00000, 0x08cb0478, 0x08e50000)
  from space 8704K,  64% used [0x08e50000, 0x093d5c10, 0x096d0000)
  to   space 8704K,   0% used [0x096d0000, 0x096d0000, 0x09f50000)
 tenured generation   total 174784K, used 174372K [0x09f50000, 0x14a00000, 0x14a00000)
   the space 174784K,  99% used [0x09f50000, 0x149991c0, 0x14999200, 0x14a00000)
 Metaspace       used 8160K, capacity 8407K, committed 8448K, reserved 8576K
Event: 4281.486 GC heap after
Heap after GC invocations=22969 (full 2757):
 def new generation   total 78656K, used 53744K [0x04a00000, 0x09f50000, 0x09f50000)
  eden space 69952K,  76% used [0x04a00000, 0x07e7c010, 0x08e50000)
  from space 8704K,   0% used [0x08e50000, 0x08e50000, 0x096d0000)
  to   space 8704K,   0% used [0x096d0000, 0x096d0000, 0x09f50000)
 tenured generation   total 174784K, used 174372K [0x09f50000, 0x14a00000, 0x14a00000)
   the space 174784K,  99% used [0x09f50000, 0x149991c0, 0x14999200, 0x14a00000)
 Metaspace       used 8160K, capacity 8407K, committed 8448K, reserved 8576K
}

