# JRE version: Java(TM) SE Runtime Environment (8.0_102-b14) (build 1.8.0_102-b14)
# Java VM: Java HotSpot(TM) Client VM (25.102-b14 mixed mode windows-x86 )
Heap:
 def new generation   total 78656K, used 77468K [0x04c00000, 0x0a150000, 0x0a150000)
  eden space 69952K,  98% used [0x04c00000, 0x08f5e768, 0x09050000)
  from space 8704K,  97% used [0x09050000, 0x09898a20, 0x098d0000)
  to   space 8704K,   0% used [0x098d0000, 0x098d0000, 0x0a150000)
 tenured generation   total 174784K, used 174479K [0x0a150000, 0x14c00000, 0x14c00000)
   the space 174784K,  99% used [0x0a150000, 0x14bb3ee8, 0x14bb4000, 0x14c00000)
 Metaspace       used 8157K, capacity 8414K, committed 8576K, reserved 8576K
GC Heap History (10 events):
Event: 360509.650 GC heap before
{Heap before GC invocations=187660 (full 15386):
 def new generation   total 78656K, used 76752K [0x04c00000, 0x0a150000, 0x0a150000)
  eden space 69952K,  97% used [0x04c00000, 0x08eab900, 0x09050000)
  from space 8704K,  97% used [0x09050000, 0x09898a20, 0x098d0000)
  to   space 8704K,   0% used [0x098d0000, 0x098d0000, 0x0a150000)
 tenured generation   total 174784K, used 174479K [0x0a150000, 0x14c00000, 0x14c00000)
   the space 174784K,  99% used [0x0a150000, 0x14bb3f20, 0x14bb4000, 0x14c00000)
 Metaspace       used 8155K, capacity 8414K, committed 8576K, reserved 8576K
Event: 360509.670 GC heap after
Heap after GC invocations=187661 (full 15387):
 def new generation   total 78656K, used 56552K [0x04c00000, 0x0a150000, 0x0a150000)
  eden space 69952K,  80% used [0x04c00000, 0x0833a180, 0x09050000)
  from space 8704K,   0% used [0x09050000, 0x09050000, 0x098d0000)
  to   space 8704K,   0% used [0x098d0000, 0x098d0000, 0x0a150000)
 tenured generation   total 174784K, used 174479K [0x0a150000, 0x14c00000, 0x14c00000)
   the space 174784K,  99% used [0x0a150000, 0x14bb3f20, 0x14bb4000, 0x14c00000)
 Metaspace       used 8155K, capacity 8414K, committed 8576K, reserved 8576K
}
Event: 360509.923 GC heap before
{Heap before GC invocations=187661 (full 15387):
 def new generation   total 78656K, used 76776K [0x04c00000, 0x0a150000, 0x0a150000)
  eden space 69952K,  97% used [0x04c00000, 0x08eb1720, 0x09050000)
  from space 8704K,  97% used [0x09050000, 0x09898a20, 0x098d0000)
  to   space 8704K,   0% used [0x098d0000, 0x098d0000, 0x0a150000)
 tenured generation   total 174784K, used 174479K [0x0a150000, 0x14c00000, 0x14c00000)
   the space 174784K,  99% used [0x0a150000, 0x14bb3f20, 0x14bb4000, 0x14c00000)
 Metaspace       used 8155K, capacity 8414K, committed 8576K, reserved 8576K
Event: 360510.055 GC heap after
Heap after GC invocations=187662 (full 15388):
 def new generation   total 78656K, used 56552K [0x04c00000, 0x0a150000, 0x0a150000)
  eden space 69952K,  80% used [0x04c00000, 0x0833a1b8, 0x09050000)
  from space 8704K,   0% used [0x09050000, 0x09050000, 0x098d0000)
  to   space 8704K,   0% used [0x098d0000, 0x098d0000, 0x0a150000)
 tenured generation   total 174784K, used 174479K [0x0a150000, 0x14c00000, 0x14c00000)
   the space 174784K,  99% used [0x0a150000, 0x14bb3ee8, 0x14bb4000, 0x14c00000)
 Metaspace       used 8155K, capacity 8414K, committed 8576K, reserved 8576K
}
Event: 360510.298 GC heap before
{Heap before GC invocations=187662 (full 15388):
 def new generation   total 78656K, used 76752K [0x04c00000, 0x0a150000, 0x0a150000)
  eden space 69952K,  97% used [0x04c00000, 0x08eab908, 0x09050000)
  from space 8704K,  97% used [0x09050000, 0x09898a20, 0x098d0000)
  to   space 8704K,   0% used [0x098d0000, 0x098d0000, 0x0a150000)
 tenured generation   total 174784K, used 174479K [0x0a150000, 0x14c00000, 0x14c00000)
   the space 174784K,  99% used [0x0a150000, 0x14bb3ee8, 0x14bb4000, 0x14c00000)
 Metaspace       used 8155K, capacity 8414K, committed 8576K, reserved 8576K
Event: 360510.321 GC heap after
Heap after GC invocations=187663 (full 15389):
 def new generation   total 78656K, used 56552K [0x04c00000, 0x0a150000, 0x0a150000)
  eden space 69952K,  80% used [0x04c00000, 0x0833a1b8, 0x09050000)
  from space 8704K,   0% used [0x09050000, 0x09050000, 0x098d0000)
  to   space 8704K,   0% used [0x098d0000, 0x098d0000, 0x0a150000)
 tenured generation   total 174784K, used 174479K [0x0a150000, 0x14c00000, 0x14c00000)
   the space 174784K,  99% used [0x0a150000, 0x14bb3ee8, 0x14bb4000, 0x14c00000)
 Metaspace       used 8155K, capacity 8414K, committed 8576K, reserved 8576K
}
Event: 360510.569 GC heap before
{Heap before GC invocations=187663 (full 15389):
 def new generation   total 78656K, used 76752K [0x04c00000, 0x0a150000, 0x0a150000)
  eden space 69952K,  97% used [0x04c00000, 0x08eab918, 0x09050000)
  from space 8704K,  97% used [0x09050000, 0x09898a20, 0x098d0000)
  to   space 8704K,   0% used [0x098d0000, 0x098d0000, 0x0a150000)
 tenured generation   total 174784K, used 174479K [0x0a150000, 0x14c00000, 0x14c00000)
   the space 174784K,  99% used [0x0a150000, 0x14bb3ee8, 0x14bb4000, 0x14c00000)
 Metaspace       used 8155K, capacity 8414K, committed 8576K, reserved 8576K
Event: 360510.591 GC heap after
Heap after GC invocations=187664 (full 15390):
 def new generation   total 78656K, used 56552K [0x04c00000, 0x0a150000, 0x0a150000)
  eden space 69952K,  80% used [0x04c00000, 0x0833a1b8, 0x09050000)
  from space 8704K,   0% used [0x09050000, 0x09050000, 0x098d0000)
  to   space 8704K,   0% used [0x098d0000, 0x098d0000, 0x0a150000)
 tenured generation   total 174784K, used 174479K [0x0a150000, 0x14c00000, 0x14c00000)
   the space 174784K,  99% used [0x0a150000, 0x14bb3ee8, 0x14bb4000, 0x14c00000)
 Metaspace       used 8155K, capacity 8414K, committed 8576K, reserved 8576K
}
Event: 360510.833 GC heap before
{Heap before GC invocations=187664 (full 15390):
 def new generation   total 78656K, used 76752K [0x04c00000, 0x0a150000, 0x0a150000)
  eden space 69952K,  97% used [0x04c00000, 0x08eab928, 0x09050000)
  from space 8704K,  97% used [0x09050000, 0x09898a20, 0x098d0000)
  to   space 8704K,   0% used [0x098d0000, 0x098d0000, 0x0a150000)
 tenured generation   total 174784K, used 174479K [0x0a150000, 0x14c00000, 0x14c00000)
   the space 174784K,  99% used [0x0a150000, 0x14bb3ee8, 0x14bb4000, 0x14c00000)
 Metaspace       used 8155K, capacity 8414K, committed 8576K, reserved 8576K
Event: 360510.855 GC heap after
Heap after GC invocations=187665 (full 15391):
 def new generation   total 78656K, used 56552K [0x04c00000, 0x0a150000, 0x0a150000)
  eden space 69952K,  80% used [0x04c00000, 0x0833a1b8, 0x09050000)
  from space 8704K,   0% used [0x09050000, 0x09050000, 0x098d0000)
  to   space 8704K,   0% used [0x098d0000, 0x098d0000, 0x0a150000)
 tenured generation   total 174784K, used 174479K [0x0a150000, 0x14c00000, 0x14c00000)
   the space 174784K,  99% used [0x0a150000, 0x14bb3ee8, 0x14bb4000, 0x14c00000)
 Metaspace       used 8155K, capacity 8414K, committed 8576K, reserved 8576K
}

