# JRE version: Java(TM) SE Runtime Environment (8.0_102-b14) (build 1.8.0_102-b14)
# Java VM: Java HotSpot(TM) Client VM (25.102-b14 mixed mode windows-x86 )
Heap:
 def new generation   total 78656K, used 78294K [0x04c00000, 0x0a150000, 0x0a150000)
  eden space 69952K,  99% used [0x04c00000, 0x0902cfd8, 0x09050000)
  from space 8704K,  97% used [0x09050000, 0x09898a20, 0x098d0000)
  to   space 8704K,   0% used [0x098d0000, 0x098d0000, 0x0a150000)
 tenured generation   total 174784K, used 174453K [0x0a150000, 0x14c00000, 0x14c00000)
   the space 174784K,  99% used [0x0a150000, 0x14bad5e8, 0x14bad600, 0x14c00000)
 Metaspace       used 8156K, capacity 8407K, committed 8576K, reserved 8576K
GC Heap History (10 events):
Event: 2064.421 GC heap before
{Heap before GC invocations=5070 (full 1627):
 def new generation   total 78656K, used 76753K [0x04c00000, 0x0a150000, 0x0a150000)
  eden space 69952K,  97% used [0x04c00000, 0x08eabd60, 0x09050000)
  from space 8704K,  97% used [0x09050000, 0x09898a20, 0x098d0000)
  to   space 8704K,   0% used [0x098d0000, 0x098d0000, 0x0a150000)
 tenured generation   total 174784K, used 174453K [0x0a150000, 0x14c00000, 0x14c00000)
   the space 174784K,  99% used [0x0a150000, 0x14bad5e8, 0x14bad600, 0x14c00000)
 Metaspace       used 8153K, capacity 8407K, committed 8576K, reserved 8576K
Event: 2064.438 GC heap after
Heap after GC invocations=5071 (full 1628):
 def new generation   total 78656K, used 56553K [0x04c00000, 0x0a150000, 0x0a150000)
  eden space 69952K,  80% used [0x04c00000, 0x0833a5e8, 0x09050000)
  from space 8704K,   0% used [0x09050000, 0x09050000, 0x098d0000)
  to   space 8704K,   0% used [0x098d0000, 0x098d0000, 0x0a150000)
 tenured generation   total 174784K, used 174453K [0x0a150000, 0x14c00000, 0x14c00000)
   the space 174784K,  99% used [0x0a150000, 0x14bad5e8, 0x14bad600, 0x14c00000)
 Metaspace       used 8153K, capacity 8407K, committed 8576K, reserved 8576K
}
Event: 2064.666 GC heap before
{Heap before GC invocations=5071 (full 1628):
 def new generation   total 78656K, used 76753K [0x04c00000, 0x0a150000, 0x0a150000)
  eden space 69952K,  97% used [0x04c00000, 0x08eabd60, 0x09050000)
  from space 8704K,  97% used [0x09050000, 0x09898a20, 0x098d0000)
  to   space 8704K,   0% used [0x098d0000, 0x098d0000, 0x0a150000)
 tenured generation   total 174784K, used 174453K [0x0a150000, 0x14c00000, 0x14c00000)
   the space 174784K,  99% used [0x0a150000, 0x14bad5e8, 0x14bad600, 0x14c00000)
 Metaspace       used 8153K, capacity 8407K, committed 8576K, reserved 8576K
Event: 2064.683 GC heap after
Heap after GC invocations=5072 (full 1629):
 def new generation   total 78656K, used 56553K [0x04c00000, 0x0a150000, 0x0a150000)
  eden space 69952K,  80% used [0x04c00000, 0x0833a5e8, 0x09050000)
  from space 8704K,   0% used [0x09050000, 0x09050000, 0x098d0000)
  to   space 8704K,   0% used [0x098d0000, 0x098d0000, 0x0a150000)
 tenured generation   total 174784K, used 174453K [0x0a150000, 0x14c00000, 0x14c00000)
   the space 174784K,  99% used [0x0a150000, 0x14bad5e8, 0x14bad600, 0x14c00000)
 Metaspace       used 8153K, capacity 8407K, committed 8576K, reserved 8576K
}
Event: 2064.909 GC heap before
{Heap before GC invocations=5072 (full 1629):
 def new generation   total 78656K, used 76753K [0x04c00000, 0x0a150000, 0x0a150000)
  eden space 69952K,  97% used [0x04c00000, 0x08eabd60, 0x09050000)
  from space 8704K,  97% used [0x09050000, 0x09898a20, 0x098d0000)
  to   space 8704K,   0% used [0x098d0000, 0x098d0000, 0x0a150000)
 tenured generation   total 174784K, used 174453K [0x0a150000, 0x14c00000, 0x14c00000)
   the space 174784K,  99% used [0x0a150000, 0x14bad5e8, 0x14bad600, 0x14c00000)
 Metaspace       used 8153K, capacity 8407K, committed 8576K, reserved 8576K
Event: 2064.926 GC heap after
Heap after GC invocations=5073 (full 1630):
 def new generation   total 78656K, used 56553K [0x04c00000, 0x0a150000, 0x0a150000)
  eden space 69952K,  80% used [0x04c00000, 0x0833a5e8, 0x09050000)
  from space 8704K,   0% used [0x09050000, 0x09050000, 0x098d0000)
  to   space 8704K,   0% used [0x098d0000, 0x098d0000, 0x0a150000)
 tenured generation   total 174784K, used 174453K [0x0a150000, 0x14c00000, 0x14c00000)
   the space 174784K,  99% used [0x0a150000, 0x14bad5e8, 0x14bad600, 0x14c00000)
 Metaspace       used 8153K, capacity 8407K, committed 8576K, reserved 8576K
}
Event: 2065.153 GC heap before
{Heap before GC invocations=5073 (full 1630):
 def new generation   total 78656K, used 76753K [0x04c00000, 0x0a150000, 0x0a150000)
  eden space 69952K,  97% used [0x04c00000, 0x08eabd60, 0x09050000)
  from space 8704K,  97% used [0x09050000, 0x09898a20, 0x098d0000)
  to   space 8704K,   0% used [0x098d0000, 0x098d0000, 0x0a150000)
 tenured generation   total 174784K, used 174453K [0x0a150000, 0x14c00000, 0x14c00000)
   the space 174784K,  99% used [0x0a150000, 0x14bad5e8, 0x14bad600, 0x14c00000)
 Metaspace       used 8153K, capacity 8407K, committed 8576K, reserved 8576K
Event: 2065.170 GC heap after
Heap after GC invocations=5074 (full 1631):
 def new generation   total 78656K, used 56553K [0x04c00000, 0x0a150000, 0x0a150000)
  eden space 69952K,  80% used [0x04c00000, 0x0833a5e8, 0x09050000)
  from space 8704K,   0% used [0x09050000, 0x09050000, 0x098d0000)
  to   space 8704K,   0% used [0x098d0000, 0x098d0000, 0x0a150000)
 tenured generation   total 174784K, used 174453K [0x0a150000, 0x14c00000, 0x14c00000)
   the space 174784K,  99% used [0x0a150000, 0x14bad5e8, 0x14bad600, 0x14c00000)
 Metaspace       used 8153K, capacity 8407K, committed 8576K, reserved 8576K
}
Event: 2065.395 GC heap before
{Heap before GC invocations=5074 (full 1631):
 def new generation   total 78656K, used 76753K [0x04c00000, 0x0a150000, 0x0a150000)
  eden space 69952K,  97% used [0x04c00000, 0x08eabd60, 0x09050000)
  from space 8704K,  97% used [0x09050000, 0x09898a20, 0x098d0000)
  to   space 8704K,   0% used [0x098d0000, 0x098d0000, 0x0a150000)
 tenured generation   total 174784K, used 174453K [0x0a150000, 0x14c00000, 0x14c00000)
   the space 174784K,  99% used [0x0a150000, 0x14bad5e8, 0x14bad600, 0x14c00000)
 Metaspace       used 8153K, capacity 8407K, committed 8576K, reserved 8576K
Event: 2065.412 GC heap after
Heap after GC invocations=5075 (full 1632):
 def new generation   total 78656K, used 56553K [0x04c00000, 0x0a150000, 0x0a150000)
  eden space 69952K,  80% used [0x04c00000, 0x0833a5e8, 0x09050000)
  from space 8704K,   0% used [0x09050000, 0x09050000, 0x098d0000)
  to   space 8704K,   0% used [0x098d0000, 0x098d0000, 0x0a150000)
 tenured generation   total 174784K, used 174453K [0x0a150000, 0x14c00000, 0x14c00000)
   the space 174784K,  99% used [0x0a150000, 0x14bad5e8, 0x14bad600, 0x14c00000)
 Metaspace       used 8153K, capacity 8407K, committed 8576K, reserved 8576K
}

