# JRE version: Java(TM) SE Runtime Environment (8.0_102-b14) (build 1.8.0_102-b14)
# Java VM: Java HotSpot(TM) Client VM (25.102-b14 mixed mode windows-x86 )
Heap:
 def new generation   total 12160K, used 3240K [0x04a00000, 0x05730000, 0x09f50000)
  eden space 10816K,  29% used [0x04a00000, 0x04d2a338, 0x05490000)
  from space 1344K,   0% used [0x05490000, 0x05490000, 0x055e0000)
  to   space 1344K,   0% used [0x055e0000, 0x055e0000, 0x05730000)
 tenured generation   total 26828K, used 16095K [0x09f50000, 0x0b983000, 0x14a00000)
   the space 26828K,  59% used [0x09f50000, 0x0af07cf0, 0x0af07e00, 0x0b983000)
 Metaspace       used 7868K, capacity 8134K, committed 8192K, reserved 8576K
GC Heap History (10 events):
Event: 12.902 GC heap before
{Heap before GC invocations=67 (full 32):
 def new generation   total 12160K, used 5838K [0x04a00000, 0x05730000, 0x09f50000)
  eden space 10816K,  53% used [0x04a00000, 0x04fb3600, 0x05490000)
  from space 1344K,   0% used [0x055e0000, 0x055e0230, 0x05730000)
  to   space 1344K,   0% used [0x05490000, 0x05490000, 0x055e0000)
 tenured generation   total 26828K, used 21749K [0x09f50000, 0x0b983000, 0x14a00000)
   the space 26828K,  81% used [0x09f50000, 0x0b48d728, 0x0b48d800, 0x0b983000)
 Metaspace       used 7864K, capacity 8134K, committed 8192K, reserved 8576K
Event: 12.934 GC heap after
Heap after GC invocations=68 (full 33):
 def new generation   total 12160K, used 0K [0x04a00000, 0x05730000, 0x09f50000)
  eden space 10816K,   0% used [0x04a00000, 0x04a00000, 0x05490000)
  from space 1344K,   0% used [0x05490000, 0x05490000, 0x055e0000)
  to   space 1344K,   0% used [0x055e0000, 0x055e0000, 0x05730000)
 tenured generation   total 26828K, used 16094K [0x09f50000, 0x0b983000, 0x14a00000)
   the space 26828K,  59% used [0x09f50000, 0x0af07bc0, 0x0af07c00, 0x0b983000)
 Metaspace       used 7864K, capacity 8134K, committed 8192K, reserved 8576K
}
Event: 12.944 GC heap before
{Heap before GC invocations=68 (full 33):
 def new generation   total 12160K, used 8674K [0x04a00000, 0x05730000, 0x09f50000)
  eden space 10816K,  80% used [0x04a00000, 0x05278a90, 0x05490000)
  from space 1344K,   0% used [0x05490000, 0x05490000, 0x055e0000)
  to   space 1344K,   0% used [0x055e0000, 0x055e0000, 0x05730000)
 tenured generation   total 26828K, used 16094K [0x09f50000, 0x0b983000, 0x14a00000)
   the space 26828K,  59% used [0x09f50000, 0x0af07bc0, 0x0af07c00, 0x0b983000)
 Metaspace       used 7864K, capacity 8134K, committed 8192K, reserved 8576K
Event: 12.952 GC heap after
Heap after GC invocations=69 (full 33):
 def new generation   total 12160K, used 0K [0x04a00000, 0x05730000, 0x09f50000)
  eden space 10816K,   0% used [0x04a00000, 0x04a00000, 0x05490000)
  from space 1344K,   0% used [0x055e0000, 0x055e0230, 0x05730000)
  to   space 1344K,   0% used [0x05490000, 0x05490000, 0x055e0000)
 tenured generation   total 26828K, used 24577K [0x09f50000, 0x0b983000, 0x14a00000)
   the space 26828K,  91% used [0x09f50000, 0x0b7505e0, 0x0b750600, 0x0b983000)
 Metaspace       used 7864K, capacity 8134K, committed 8192K, reserved 8576K
}
Event: 13.372 GC heap before
{Heap before GC invocations=69 (full 33):
 def new generation   total 12160K, used 6018K [0x04a00000, 0x05730000, 0x09f50000)
  eden space 10816K,  55% used [0x04a00000, 0x04fe0968, 0x05490000)
  from space 1344K,   0% used [0x055e0000, 0x055e0230, 0x05730000)
  to   space 1344K,   0% used [0x05490000, 0x05490000, 0x055e0000)
 tenured generation   total 26828K, used 24577K [0x09f50000, 0x0b983000, 0x14a00000)
   the space 26828K,  91% used [0x09f50000, 0x0b7505e0, 0x0b750600, 0x0b983000)
 Metaspace       used 7865K, capacity 8134K, committed 8192K, reserved 8576K
Event: 13.399 GC heap after
Heap after GC invocations=70 (full 34):
 def new generation   total 12160K, used 0K [0x04a00000, 0x05730000, 0x09f50000)
  eden space 10816K,   0% used [0x04a00000, 0x04a00000, 0x05490000)
  from space 1344K,   0% used [0x05490000, 0x05490000, 0x055e0000)
  to   space 1344K,   0% used [0x055e0000, 0x055e0000, 0x05730000)
 tenured generation   total 26828K, used 13267K [0x09f50000, 0x0b983000, 0x14a00000)
   the space 26828K,  49% used [0x09f50000, 0x0ac44e90, 0x0ac45000, 0x0b983000)
 Metaspace       used 7865K, capacity 8134K, committed 8192K, reserved 8576K
}
Event: 13.407 GC heap before
{Heap before GC invocations=70 (full 34):
 def new generation   total 12160K, used 5857K [0x04a00000, 0x05730000, 0x09f50000)
  eden space 10816K,  54% used [0x04a00000, 0x04fb85f0, 0x05490000)
  from space 1344K,   0% used [0x05490000, 0x05490000, 0x055e0000)
  to   space 1344K,   0% used [0x055e0000, 0x055e0000, 0x05730000)
 tenured generation   total 26828K, used 13267K [0x09f50000, 0x0b983000, 0x14a00000)
   the space 26828K,  49% used [0x09f50000, 0x0ac44e90, 0x0ac45000, 0x0b983000)
 Metaspace       used 7865K, capacity 8134K, committed 8192K, reserved 8576K
Event: 13.412 GC heap after
Heap after GC invocations=71 (full 34):
 def new generation   total 12160K, used 0K [0x04a00000, 0x05730000, 0x09f50000)
  eden space 10816K,   0% used [0x04a00000, 0x04a00000, 0x05490000)
  from space 1344K,   0% used [0x055e0000, 0x055e0018, 0x05730000)
  to   space 1344K,   0% used [0x05490000, 0x05490000, 0x055e0000)
 tenured generation   total 26828K, used 18922K [0x09f50000, 0x0b983000, 0x14a00000)
   the space 26828K,  70% used [0x09f50000, 0x0b1caaa0, 0x0b1cac00, 0x0b983000)
 Metaspace       used 7865K, capacity 8134K, committed 8192K, reserved 8576K
}
Event: 13.421 GC heap before
{Heap before GC invocations=71 (full 34):
 def new generation   total 12160K, used 8686K [0x04a00000, 0x05730000, 0x09f50000)
  eden space 10816K,  80% used [0x04a00000, 0x0527b840, 0x05490000)
  from space 1344K,   0% used [0x055e0000, 0x055e0018, 0x05730000)
  to   space 1344K,   0% used [0x05490000, 0x05490000, 0x055e0000)
 tenured generation   total 26828K, used 18922K [0x09f50000, 0x0b983000, 0x14a00000)
   the space 26828K,  70% used [0x09f50000, 0x0b1caaa0, 0x0b1cac00, 0x0b983000)
 Metaspace       used 7865K, capacity 8134K, committed 8192K, reserved 8576K
Event: 13.450 GC heap after
Heap after GC invocations=72 (full 35):
 def new generation   total 12160K, used 0K [0x04a00000, 0x05730000, 0x09f50000)
  eden space 10816K,   0% used [0x04a00000, 0x04a00000, 0x05490000)
  from space 1344K,   0% used [0x05490000, 0x05490000, 0x055e0000)
  to   space 1344K,   0% used [0x055e0000, 0x055e0000, 0x05730000)
 tenured generation   total 26828K, used 16095K [0x09f50000, 0x0b983000, 0x14a00000)
   the space 26828K,  59% used [0x09f50000, 0x0af07cf0, 0x0af07e00, 0x0b983000)
 Metaspace       used 7865K, capacity 8134K, committed 8192K, reserved 8576K
}

