# JRE version: Java(TM) SE Runtime Environment (8.0_102-b14) (build 1.8.0_102-b14)
# Java VM: Java HotSpot(TM) Client VM (25.102-b14 mixed mode windows-x86 )
Heap:
 def new generation   total 12160K, used 3194K [0x04800000, 0x05530000, 0x09d50000)
  eden space 10816K,  29% used [0x04800000, 0x04b1e600, 0x05290000)
  from space 1344K,   0% used [0x053e0000, 0x053e0230, 0x05530000)
  to   space 1344K,   0% used [0x05290000, 0x05290000, 0x053e0000)
 tenured generation   total 26824K, used 24575K [0x09d50000, 0x0b782000, 0x14800000)
   the space 26824K,  91% used [0x09d50000, 0x0b54fc18, 0x0b54fe00, 0x0b782000)
 Metaspace       used 7860K, capacity 8124K, committed 8192K, reserved 8576K
GC Heap History (10 events):
Event: 9.025 GC heap before
{Heap before GC invocations=54 (full 26):
 def new generation   total 12160K, used 5888K [0x04800000, 0x05530000, 0x09d50000)
  eden space 10816K,  54% used [0x04800000, 0x04dc0360, 0x05290000)
  from space 1344K,   0% used [0x05290000, 0x05290000, 0x053e0000)
  to   space 1344K,   0% used [0x053e0000, 0x053e0000, 0x05530000)
 tenured generation   total 26824K, used 13266K [0x09d50000, 0x0b782000, 0x14800000)
   the space 26824K,  49% used [0x09d50000, 0x0aa44868, 0x0aa44a00, 0x0b782000)
 Metaspace       used 7858K, capacity 8124K, committed 8192K, reserved 8576K
Event: 9.031 GC heap after
Heap after GC invocations=55 (full 26):
 def new generation   total 12160K, used 0K [0x04800000, 0x05530000, 0x09d50000)
  eden space 10816K,   0% used [0x04800000, 0x04800000, 0x05290000)
  from space 1344K,   0% used [0x053e0000, 0x053e0080, 0x05530000)
  to   space 1344K,   0% used [0x05290000, 0x05290000, 0x053e0000)
 tenured generation   total 26824K, used 18921K [0x09d50000, 0x0b782000, 0x14800000)
   the space 26824K,  70% used [0x09d50000, 0x0afca478, 0x0afca600, 0x0b782000)
 Metaspace       used 7858K, capacity 8124K, committed 8192K, reserved 8576K
}
Event: 9.046 GC heap before
{Heap before GC invocations=55 (full 26):
 def new generation   total 12160K, used 8710K [0x04800000, 0x05530000, 0x09d50000)
  eden space 10816K,  80% used [0x04800000, 0x05081968, 0x05290000)
  from space 1344K,   0% used [0x053e0000, 0x053e0080, 0x05530000)
  to   space 1344K,   0% used [0x05290000, 0x05290000, 0x053e0000)
 tenured generation   total 26824K, used 18921K [0x09d50000, 0x0b782000, 0x14800000)
   the space 26824K,  70% used [0x09d50000, 0x0afca478, 0x0afca600, 0x0b782000)
 Metaspace       used 7858K, capacity 8124K, committed 8192K, reserved 8576K
Event: 9.091 GC heap after
Heap after GC invocations=56 (full 27):
 def new generation   total 12160K, used 0K [0x04800000, 0x05530000, 0x09d50000)
  eden space 10816K,   0% used [0x04800000, 0x04800000, 0x05290000)
  from space 1344K,   0% used [0x05290000, 0x05290000, 0x053e0000)
  to   space 1344K,   0% used [0x053e0000, 0x053e0000, 0x05530000)
 tenured generation   total 26824K, used 16093K [0x09d50000, 0x0b782000, 0x14800000)
   the space 26824K,  59% used [0x09d50000, 0x0ad076c8, 0x0ad07800, 0x0b782000)
 Metaspace       used 7858K, capacity 8124K, committed 8192K, reserved 8576K
}
Event: 9.348 GC heap before
{Heap before GC invocations=56 (full 27):
 def new generation   total 12160K, used 5878K [0x04800000, 0x05530000, 0x09d50000)
  eden space 10816K,  54% used [0x04800000, 0x04dbd9a8, 0x05290000)
  from space 1344K,   0% used [0x05290000, 0x05290000, 0x053e0000)
  to   space 1344K,   0% used [0x053e0000, 0x053e0000, 0x05530000)
 tenured generation   total 26824K, used 16093K [0x09d50000, 0x0b782000, 0x14800000)
   the space 26824K,  59% used [0x09d50000, 0x0ad076c8, 0x0ad07800, 0x0b782000)
 Metaspace       used 7858K, capacity 8124K, committed 8192K, reserved 8576K
Event: 9.354 GC heap after
Heap after GC invocations=57 (full 27):
 def new generation   total 12160K, used 0K [0x04800000, 0x05530000, 0x09d50000)
  eden space 10816K,   0% used [0x04800000, 0x04800000, 0x05290000)
  from space 1344K,   0% used [0x053e0000, 0x053e00b0, 0x05530000)
  to   space 1344K,   0% used [0x05290000, 0x05290000, 0x053e0000)
 tenured generation   total 26824K, used 21748K [0x09d50000, 0x0b782000, 0x14800000)
   the space 26824K,  81% used [0x09d50000, 0x0b28d2e8, 0x0b28d400, 0x0b782000)
 Metaspace       used 7858K, capacity 8124K, committed 8192K, reserved 8576K
}
Event: 9.362 GC heap before
{Heap before GC invocations=57 (full 27):
 def new generation   total 12160K, used 5861K [0x04800000, 0x05530000, 0x09d50000)
  eden space 10816K,  54% used [0x04800000, 0x04db96e8, 0x05290000)
  from space 1344K,   0% used [0x053e0000, 0x053e00b0, 0x05530000)
  to   space 1344K,   0% used [0x05290000, 0x05290000, 0x053e0000)
 tenured generation   total 26824K, used 21748K [0x09d50000, 0x0b782000, 0x14800000)
   the space 26824K,  81% used [0x09d50000, 0x0b28d2e8, 0x0b28d400, 0x0b782000)
 Metaspace       used 7858K, capacity 8124K, committed 8192K, reserved 8576K
Event: 9.399 GC heap after
Heap after GC invocations=58 (full 28):
 def new generation   total 12160K, used 0K [0x04800000, 0x05530000, 0x09d50000)
  eden space 10816K,   0% used [0x04800000, 0x04800000, 0x05290000)
  from space 1344K,   0% used [0x05290000, 0x05290000, 0x053e0000)
  to   space 1344K,   0% used [0x053e0000, 0x053e0000, 0x05530000)
 tenured generation   total 26824K, used 16092K [0x09d50000, 0x0b782000, 0x14800000)
   the space 26824K,  59% used [0x09d50000, 0x0ad071f8, 0x0ad07200, 0x0b782000)
 Metaspace       used 7858K, capacity 8124K, committed 8192K, reserved 8576K
}
Event: 9.416 GC heap before
{Heap before GC invocations=58 (full 28):
 def new generation   total 12160K, used 8690K [0x04800000, 0x05530000, 0x09d50000)
  eden space 10816K,  80% used [0x04800000, 0x0507c858, 0x05290000)
  from space 1344K,   0% used [0x05290000, 0x05290000, 0x053e0000)
  to   space 1344K,   0% used [0x053e0000, 0x053e0000, 0x05530000)
 tenured generation   total 26824K, used 16092K [0x09d50000, 0x0b782000, 0x14800000)
   the space 26824K,  59% used [0x09d50000, 0x0ad071f8, 0x0ad07200, 0x0b782000)
 Metaspace       used 7858K, capacity 8124K, committed 8192K, reserved 8576K
Event: 9.428 GC heap after
Heap after GC invocations=59 (full 28):
 def new generation   total 12160K, used 0K [0x04800000, 0x05530000, 0x09d50000)
  eden space 10816K,   0% used [0x04800000, 0x04800000, 0x05290000)
  from space 1344K,   0% used [0x053e0000, 0x053e0230, 0x05530000)
  to   space 1344K,   0% used [0x05290000, 0x05290000, 0x053e0000)
 tenured generation   total 26824K, used 24575K [0x09d50000, 0x0b782000, 0x14800000)
   the space 26824K,  91% used [0x09d50000, 0x0b54fc18, 0x0b54fe00, 0x0b782000)
 Metaspace       used 7858K, capacity 8124K, committed 8192K, reserved 8576K
}

