# JRE version: Java(TM) SE Runtime Environment (8.0_102-b14) (build 1.8.0_102-b14)
# Java VM: Java HotSpot(TM) Client VM (25.102-b14 mixed mode windows-x86 )
Heap:
 def new generation   total 78656K, used 71493K [0x04800000, 0x09d50000, 0x09d50000)
  eden space 69952K,  98% used [0x04800000, 0x08b0e8b8, 0x08c50000)
  from space 8704K,  32% used [0x08c50000, 0x08f12e10, 0x094d0000)
  to   space 8704K,   0% used [0x094d0000, 0x094d0000, 0x09d50000)
 tenured generation   total 174784K, used 174380K [0x09d50000, 0x14800000, 0x14800000)
   the space 174784K,  99% used [0x09d50000, 0x1479b190, 0x1479b200, 0x14800000)
 Metaspace       used 8126K, capacity 8375K, committed 8448K, reserved 8576K
GC Heap History (10 events):
Event: 3559.919 GC heap before
{Heap before GC invocations=21071 (full 3042):
 def new generation   total 78656K, used 73867K [0x04800000, 0x09d50000, 0x09d50000)
  eden space 69952K,  97% used [0x04800000, 0x08a9d150, 0x08c50000)
  from space 8704K,  64% used [0x08c50000, 0x091d5c10, 0x094d0000)
  to   space 8704K,   0% used [0x094d0000, 0x094d0000, 0x09d50000)
 tenured generation   total 174784K, used 174380K [0x09d50000, 0x14800000, 0x14800000)
   the space 174784K,  99% used [0x09d50000, 0x1479b190, 0x1479b200, 0x14800000)
 Metaspace       used 8123K, capacity 8375K, committed 8448K, reserved 8576K
Event: 3559.941 GC heap after
Heap after GC invocations=21072 (full 3043):
 def new generation   total 78656K, used 59400K [0x04800000, 0x09d50000, 0x09d50000)
  eden space 69952K,  84% used [0x04800000, 0x082020c0, 0x08c50000)
  from space 8704K,   0% used [0x08c50000, 0x08c50000, 0x094d0000)
  to   space 8704K,   0% used [0x094d0000, 0x094d0000, 0x09d50000)
 tenured generation   total 174784K, used 174380K [0x09d50000, 0x14800000, 0x14800000)
   the space 174784K,  99% used [0x09d50000, 0x1479b190, 0x1479b200, 0x14800000)
 Metaspace       used 8123K, capacity 8375K, committed 8448K, reserved 8576K
}
Event: 3560.063 GC heap before
{Heap before GC invocations=21072 (full 3043):
 def new generation   total 78656K, used 76680K [0x04800000, 0x09d50000, 0x09d50000)
  eden space 69952K,  97% used [0x04800000, 0x08a99738, 0x08c50000)
  from space 8704K,  97% used [0x08c50000, 0x09498a20, 0x094d0000)
  to   space 8704K,   0% used [0x094d0000, 0x094d0000, 0x09d50000)
 tenured generation   total 174784K, used 174380K [0x09d50000, 0x14800000, 0x14800000)
   the space 174784K,  99% used [0x09d50000, 0x1479b190, 0x1479b200, 0x14800000)
 Metaspace       used 8123K, capacity 8375K, committed 8448K, reserved 8576K
Event: 3560.089 GC heap after
Heap after GC invocations=21073 (full 3044):
 def new generation   total 78656K, used 59402K [0x04800000, 0x09d50000, 0x09d50000)
  eden space 69952K,  84% used [0x04800000, 0x082029f8, 0x08c50000)
  from space 8704K,   0% used [0x08c50000, 0x08c50000, 0x094d0000)
  to   space 8704K,   0% used [0x094d0000, 0x094d0000, 0x09d50000)
 tenured generation   total 174784K, used 174380K [0x09d50000, 0x14800000, 0x14800000)
   the space 174784K,  99% used [0x09d50000, 0x1479b190, 0x1479b200, 0x14800000)
 Metaspace       used 8123K, capacity 8375K, committed 8448K, reserved 8576K
}
Event: 3560.180 GC heap before
{Heap before GC invocations=21073 (full 3044):
 def new generation   total 78656K, used 73867K [0x04800000, 0x09d50000, 0x09d50000)
  eden space 69952K,  97% used [0x04800000, 0x08a9d150, 0x08c50000)
  from space 8704K,  64% used [0x08c50000, 0x091d5c10, 0x094d0000)
  to   space 8704K,   0% used [0x094d0000, 0x094d0000, 0x09d50000)
 tenured generation   total 174784K, used 174380K [0x09d50000, 0x14800000, 0x14800000)
   the space 174784K,  99% used [0x09d50000, 0x1479b190, 0x1479b200, 0x14800000)
 Metaspace       used 8123K, capacity 8375K, committed 8448K, reserved 8576K
Event: 3560.205 GC heap after
Heap after GC invocations=21074 (full 3045):
 def new generation   total 78656K, used 59400K [0x04800000, 0x09d50000, 0x09d50000)
  eden space 69952K,  84% used [0x04800000, 0x082020c0, 0x08c50000)
  from space 8704K,   0% used [0x08c50000, 0x08c50000, 0x094d0000)
  to   space 8704K,   0% used [0x094d0000, 0x094d0000, 0x09d50000)
 tenured generation   total 174784K, used 174380K [0x09d50000, 0x14800000, 0x14800000)
   the space 174784K,  99% used [0x09d50000, 0x1479b190, 0x1479b200, 0x14800000)
 Metaspace       used 8123K, capacity 8375K, committed 8448K, reserved 8576K
}
Event: 3560.332 GC heap before
{Heap before GC invocations=21074 (full 3045):
 def new generation   total 78656K, used 76680K [0x04800000, 0x09d50000, 0x09d50000)
  eden space 69952K,  97% used [0x04800000, 0x08a99738, 0x08c50000)
  from space 8704K,  97% used [0x08c50000, 0x09498a20, 0x094d0000)
  to   space 8704K,   0% used [0x094d0000, 0x094d0000, 0x09d50000)
 tenured generation   total 174784K, used 174380K [0x09d50000, 0x14800000, 0x14800000)
   the space 174784K,  99% used [0x09d50000, 0x1479b190, 0x1479b200, 0x14800000)
 Metaspace       used 8123K, capacity 8375K, committed 8448K, reserved 8576K
Event: 3560.359 GC heap after
Heap after GC invocations=21075 (full 3046):
 def new generation   total 78656K, used 59402K [0x04800000, 0x09d50000, 0x09d50000)
  eden space 69952K,  84% used [0x04800000, 0x082029f8, 0x08c50000)
  from space 8704K,   0% used [0x08c50000, 0x08c50000, 0x094d0000)
  to   space 8704K,   0% used [0x094d0000, 0x094d0000, 0x09d50000)
 tenured generation   total 174784K, used 174380K [0x09d50000, 0x14800000, 0x14800000)
   the space 174784K,  99% used [0x09d50000, 0x1479b190, 0x1479b200, 0x14800000)
 Metaspace       used 8123K, capacity 8375K, committed 8448K, reserved 8576K
}
Event: 3560.448 GC heap before
{Heap before GC invocations=21075 (full 3046):
 def new generation   total 78656K, used 73867K [0x04800000, 0x09d50000, 0x09d50000)
  eden space 69952K,  97% used [0x04800000, 0x08a9d150, 0x08c50000)
  from space 8704K,  64% used [0x08c50000, 0x091d5c10, 0x094d0000)
  to   space 8704K,   0% used [0x094d0000, 0x094d0000, 0x09d50000)
 tenured generation   total 174784K, used 174380K [0x09d50000, 0x14800000, 0x14800000)
   the space 174784K,  99% used [0x09d50000, 0x1479b190, 0x1479b200, 0x14800000)
 Metaspace       used 8123K, capacity 8375K, committed 8448K, reserved 8576K
Event: 3560.472 GC heap after
Heap after GC invocations=21076 (full 3047):
 def new generation   total 78656K, used 59400K [0x04800000, 0x09d50000, 0x09d50000)
  eden space 69952K,  84% used [0x04800000, 0x082020c0, 0x08c50000)
  from space 8704K,   0% used [0x08c50000, 0x08c50000, 0x094d0000)
  to   space 8704K,   0% used [0x094d0000, 0x094d0000, 0x09d50000)
 tenured generation   total 174784K, used 174380K [0x09d50000, 0x14800000, 0x14800000)
   the space 174784K,  99% used [0x09d50000, 0x1479b190, 0x1479b200, 0x14800000)
 Metaspace       used 8123K, capacity 8375K, committed 8448K, reserved 8576K
}

