# JRE version: Java(TM) SE Runtime Environment (8.0_102-b14) (build 1.8.0_102-b14)
# Java VM: Java HotSpot(TM) Client VM (25.102-b14 mixed mode windows-x86 )
Heap:
 def new generation   total 31296K, used 9255K [0x04800000, 0x069f0000, 0x09d50000)
  eden space 27840K,  23% used [0x04800000, 0x04e46410, 0x06330000)
  from space 3456K,  81% used [0x06330000, 0x065f38d8, 0x06690000)
  to   space 3456K,   0% used [0x06690000, 0x06690000, 0x069f0000)
 tenured generation   total 69376K, used 35981K [0x09d50000, 0x0e110000, 0x14800000)
   the space 69376K,  51% used [0x09d50000, 0x0c0737f0, 0x0c073800, 0x0e110000)
 Metaspace       used 8160K, capacity 8414K, committed 8576K, reserved 8576K
GC Heap History (10 events):
Event: 767653.415 GC heap before
{Heap before GC invocations=4698849 (full 411588):
 def new generation   total 31296K, used 28822K [0x04800000, 0x069f0000, 0x09d50000)
  eden space 27840K,  93% used [0x04800000, 0x06162a40, 0x06330000)
  from space 3456K,  81% used [0x06690000, 0x06953000, 0x069f0000)
  to   space 3456K,   0% used [0x06330000, 0x06330000, 0x06690000)
 tenured generation   total 69376K, used 38809K [0x09d50000, 0x0e110000, 0x14800000)
   the space 69376K,  55% used [0x09d50000, 0x0c3365e8, 0x0c336600, 0x0e110000)
 Metaspace       used 8160K, capacity 8414K, committed 8576K, reserved 8576K
Event: 767653.429 GC heap after
Heap after GC invocations=4698850 (full 411588):
 def new generation   total 31296K, used 2828K [0x04800000, 0x069f0000, 0x09d50000)
  eden space 27840K,   0% used [0x04800000, 0x04800000, 0x06330000)
  from space 3456K,  81% used [0x06330000, 0x065f30f8, 0x06690000)
  to   space 3456K,   0% used [0x06690000, 0x06690000, 0x069f0000)
 tenured generation   total 69376K, used 50119K [0x09d50000, 0x0e110000, 0x14800000)
   the space 69376K,  72% used [0x09d50000, 0x0ce41e20, 0x0ce42000, 0x0e110000)
 Metaspace       used 8160K, capacity 8414K, committed 8576K, reserved 8576K
}
Event: 767656.545 GC heap before
{Heap before GC invocations=4698850 (full 411588):
 def new generation   total 31296K, used 28822K [0x04800000, 0x069f0000, 0x09d50000)
  eden space 27840K,  93% used [0x04800000, 0x06162ad8, 0x06330000)
  from space 3456K,  81% used [0x06330000, 0x065f30f8, 0x06690000)
  to   space 3456K,   0% used [0x06690000, 0x06690000, 0x069f0000)
 tenured generation   total 69376K, used 50119K [0x09d50000, 0x0e110000, 0x14800000)
   the space 69376K,  72% used [0x09d50000, 0x0ce41e20, 0x0ce42000, 0x0e110000)
 Metaspace       used 8160K, capacity 8414K, committed 8576K, reserved 8576K
Event: 767656.555 GC heap after
Heap after GC invocations=4698851 (full 411588):
 def new generation   total 31296K, used 2827K [0x04800000, 0x069f0000, 0x09d50000)
  eden space 27840K,   0% used [0x04800000, 0x04800000, 0x06330000)
  from space 3456K,  81% used [0x06690000, 0x06952fe8, 0x069f0000)
  to   space 3456K,   0% used [0x06330000, 0x06330000, 0x06690000)
 tenured generation   total 69376K, used 55774K [0x09d50000, 0x0e110000, 0x14800000)
   the space 69376K,  80% used [0x09d50000, 0x0d3c7a30, 0x0d3c7c00, 0x0e110000)
 Metaspace       used 8160K, capacity 8414K, committed 8576K, reserved 8576K
}
Event: 767657.518 GC heap before
{Heap before GC invocations=4698851 (full 411588):
 def new generation   total 31296K, used 25995K [0x04800000, 0x069f0000, 0x09d50000)
  eden space 27840K,  83% used [0x04800000, 0x05e9fd20, 0x06330000)
  from space 3456K,  81% used [0x06690000, 0x06952fe8, 0x069f0000)
  to   space 3456K,   0% used [0x06330000, 0x06330000, 0x06690000)
 tenured generation   total 69376K, used 55774K [0x09d50000, 0x0e110000, 0x14800000)
   the space 69376K,  80% used [0x09d50000, 0x0d3c7a30, 0x0d3c7c00, 0x0e110000)
 Metaspace       used 8160K, capacity 8414K, committed 8576K, reserved 8576K
Event: 767657.532 GC heap after
Heap after GC invocations=4698852 (full 411588):
 def new generation   total 31296K, used 2828K [0x04800000, 0x069f0000, 0x09d50000)
  eden space 27840K,   0% used [0x04800000, 0x04800000, 0x06330000)
  from space 3456K,  81% used [0x06330000, 0x065f3000, 0x06690000)
  to   space 3456K,   0% used [0x06690000, 0x06690000, 0x069f0000)
 tenured generation   total 69376K, used 64257K [0x09d50000, 0x0e110000, 0x14800000)
   the space 69376K,  92% used [0x09d50000, 0x0dc10450, 0x0dc10600, 0x0e110000)
 Metaspace       used 8160K, capacity 8414K, committed 8576K, reserved 8576K
}
Event: 767659.575 GC heap before
{Heap before GC invocations=4698852 (full 411588):
 def new generation   total 31296K, used 28822K [0x04800000, 0x069f0000, 0x09d50000)
  eden space 27840K,  93% used [0x04800000, 0x06162988, 0x06330000)
  from space 3456K,  81% used [0x06330000, 0x065f3000, 0x06690000)
  to   space 3456K,   0% used [0x06690000, 0x06690000, 0x069f0000)
 tenured generation   total 69376K, used 64257K [0x09d50000, 0x0e110000, 0x14800000)
   the space 69376K,  92% used [0x09d50000, 0x0dc10450, 0x0dc10600, 0x0e110000)
 Metaspace       used 8160K, capacity 8414K, committed 8576K, reserved 8576K
Event: 767659.622 GC heap after
Heap after GC invocations=4698853 (full 411589):
 def new generation   total 31296K, used 0K [0x04800000, 0x069f0000, 0x09d50000)
  eden space 27840K,   0% used [0x04800000, 0x04800000, 0x06330000)
  from space 3456K,   0% used [0x06690000, 0x06690000, 0x069f0000)
  to   space 3456K,   0% used [0x06330000, 0x06330000, 0x06690000)
 tenured generation   total 69376K, used 24671K [0x09d50000, 0x0e110000, 0x14800000)
   the space 69376K,  35% used [0x09d50000, 0x0b567fd0, 0x0b568000, 0x0e110000)
 Metaspace       used 8160K, capacity 8414K, committed 8576K, reserved 8576K
}
Event: 767661.660 GC heap before
{Heap before GC invocations=4698853 (full 411589):
 def new generation   total 31296K, used 26393K [0x04800000, 0x069f0000, 0x09d50000)
  eden space 27840K,  94% used [0x04800000, 0x061c6748, 0x06330000)
  from space 3456K,   0% used [0x06690000, 0x06690000, 0x069f0000)
  to   space 3456K,   0% used [0x06330000, 0x06330000, 0x06690000)
 tenured generation   total 69376K, used 24671K [0x09d50000, 0x0e110000, 0x14800000)
   the space 69376K,  35% used [0x09d50000, 0x0b567fd0, 0x0b568000, 0x0e110000)
 Metaspace       used 8160K, capacity 8414K, committed 8576K, reserved 8576K
Event: 767661.669 GC heap after
Heap after GC invocations=4698854 (full 411589):
 def new generation   total 31296K, used 2830K [0x04800000, 0x069f0000, 0x09d50000)
  eden space 27840K,   0% used [0x04800000, 0x04800000, 0x06330000)
  from space 3456K,  81% used [0x06330000, 0x065f38d8, 0x06690000)
  to   space 3456K,   0% used [0x06690000, 0x06690000, 0x069f0000)
 tenured generation   total 69376K, used 35981K [0x09d50000, 0x0e110000, 0x14800000)
   the space 69376K,  51% used [0x09d50000, 0x0c0737f0, 0x0c073800, 0x0e110000)
 Metaspace       used 8160K, capacity 8414K, committed 8576K, reserved 8576K
}

