# JRE version: Java(TM) SE Runtime Environment (8.0_102-b14) (build 1.8.0_102-b14)
# Java VM: Java HotSpot(TM) Client VM (25.102-b14 mixed mode windows-x86 )
Heap:
 def new generation   total 41536K, used 6629K [0x04800000, 0x07510000, 0x09d50000)
  eden space 36928K,  17% used [0x04800000, 0x04e79348, 0x06c10000)
  from space 4608K,   0% used [0x07090000, 0x07090398, 0x07510000)
  to   space 4608K,   0% used [0x06c10000, 0x06c10000, 0x07090000)
 tenured generation   total 92140K, used 55633K [0x09d50000, 0x0f74b000, 0x14800000)
   the space 92140K,  60% used [0x09d50000, 0x0d3a45e8, 0x0d3a4600, 0x0f74b000)
 Metaspace       used 8226K, capacity 8478K, committed 8576K, reserved 8576K
GC Heap History (10 events):
Event: 8605.406 GC heap before
{Heap before GC invocations=60198 (full 6483):
 def new generation   total 41536K, used 32677K [0x04800000, 0x07510000, 0x09d50000)
  eden space 36928K,  88% used [0x04800000, 0x067e96a0, 0x06c10000)
  from space 4608K,   0% used [0x06c10000, 0x06c10000, 0x07090000)
  to   space 4608K,   0% used [0x07090000, 0x07090000, 0x07510000)
 tenured generation   total 92140K, used 38667K [0x09d50000, 0x0f74b000, 0x14800000)
   the space 92140K,  41% used [0x09d50000, 0x0c312fe0, 0x0c313000, 0x0f74b000)
 Metaspace       used 8223K, capacity 8478K, committed 8576K, reserved 8576K
Event: 8605.410 GC heap after
Heap after GC invocations=60199 (full 6483):
 def new generation   total 41536K, used 2827K [0x04800000, 0x07510000, 0x09d50000)
  eden space 36928K,   0% used [0x04800000, 0x04800000, 0x06c10000)
  from space 4608K,  61% used [0x07090000, 0x07352eb0, 0x07510000)
  to   space 4608K,   0% used [0x06c10000, 0x06c10000, 0x07090000)
 tenured generation   total 92140K, used 38667K [0x09d50000, 0x0f74b000, 0x14800000)
   the space 92140K,  41% used [0x09d50000, 0x0c312fe0, 0x0c313000, 0x0f74b000)
 Metaspace       used 8223K, capacity 8478K, committed 8576K, reserved 8576K
}
Event: 8605.636 GC heap before
{Heap before GC invocations=60199 (full 6483):
 def new generation   total 41536K, used 38208K [0x04800000, 0x07510000, 0x09d50000)
  eden space 36928K,  95% used [0x04800000, 0x06a8d358, 0x06c10000)
  from space 4608K,  61% used [0x07090000, 0x07352eb0, 0x07510000)
  to   space 4608K,   0% used [0x06c10000, 0x06c10000, 0x07090000)
 tenured generation   total 92140K, used 38667K [0x09d50000, 0x0f74b000, 0x14800000)
   the space 92140K,  41% used [0x09d50000, 0x0c312fe0, 0x0c313000, 0x0f74b000)
 Metaspace       used 8223K, capacity 8478K, committed 8576K, reserved 8576K
Event: 8605.645 GC heap after
Heap after GC invocations=60200 (full 6483):
 def new generation   total 41536K, used 0K [0x04800000, 0x07510000, 0x09d50000)
  eden space 36928K,   0% used [0x04800000, 0x04800000, 0x06c10000)
  from space 4608K,   0% used [0x06c10000, 0x06c10018, 0x07090000)
  to   space 4608K,   0% used [0x07090000, 0x07090000, 0x07510000)
 tenured generation   total 92140K, used 44323K [0x09d50000, 0x0f74b000, 0x14800000)
   the space 92140K,  48% used [0x09d50000, 0x0c898c78, 0x0c898e00, 0x0f74b000)
 Metaspace       used 8223K, capacity 8478K, committed 8576K, reserved 8576K
}
Event: 8605.831 GC heap before
{Heap before GC invocations=60200 (full 6483):
 def new generation   total 41536K, used 34660K [0x04800000, 0x07510000, 0x09d50000)
  eden space 36928K,  93% used [0x04800000, 0x069d9078, 0x06c10000)
  from space 4608K,   0% used [0x06c10000, 0x06c10018, 0x07090000)
  to   space 4608K,   0% used [0x07090000, 0x07090000, 0x07510000)
 tenured generation   total 92140K, used 44323K [0x09d50000, 0x0f74b000, 0x14800000)
   the space 92140K,  48% used [0x09d50000, 0x0c898c78, 0x0c898e00, 0x0f74b000)
 Metaspace       used 8223K, capacity 8478K, committed 8576K, reserved 8576K
Event: 8605.836 GC heap after
Heap after GC invocations=60201 (full 6483):
 def new generation   total 41536K, used 0K [0x04800000, 0x07510000, 0x09d50000)
  eden space 36928K,   0% used [0x04800000, 0x04800000, 0x06c10000)
  from space 4608K,   0% used [0x07090000, 0x07090150, 0x07510000)
  to   space 4608K,   0% used [0x06c10000, 0x06c10000, 0x07090000)
 tenured generation   total 92140K, used 49978K [0x09d50000, 0x0f74b000, 0x14800000)
   the space 92140K,  54% used [0x09d50000, 0x0ce1e888, 0x0ce1ea00, 0x0f74b000)
 Metaspace       used 8223K, capacity 8478K, committed 8576K, reserved 8576K
}
Event: 8606.015 GC heap before
{Heap before GC invocations=60201 (full 6483):
 def new generation   total 41536K, used 31833K [0x04800000, 0x07510000, 0x09d50000)
  eden space 36928K,  86% used [0x04800000, 0x06716380, 0x06c10000)
  from space 4608K,   0% used [0x07090000, 0x07090150, 0x07510000)
  to   space 4608K,   0% used [0x06c10000, 0x06c10000, 0x07090000)
 tenured generation   total 92140K, used 49978K [0x09d50000, 0x0f74b000, 0x14800000)
   the space 92140K,  54% used [0x09d50000, 0x0ce1e888, 0x0ce1ea00, 0x0f74b000)
 Metaspace       used 8223K, capacity 8478K, committed 8576K, reserved 8576K
Event: 8606.019 GC heap after
Heap after GC invocations=60202 (full 6483):
 def new generation   total 41536K, used 2827K [0x04800000, 0x07510000, 0x09d50000)
  eden space 36928K,   0% used [0x04800000, 0x04800000, 0x06c10000)
  from space 4608K,  61% used [0x06c10000, 0x06ed2f78, 0x07090000)
  to   space 4608K,   0% used [0x07090000, 0x07090000, 0x07510000)
 tenured generation   total 92140K, used 49978K [0x09d50000, 0x0f74b000, 0x14800000)
   the space 92140K,  54% used [0x09d50000, 0x0ce1e888, 0x0ce1ea00, 0x0f74b000)
 Metaspace       used 8223K, capacity 8478K, committed 8576K, reserved 8576K
}
Event: 8606.224 GC heap before
{Heap before GC invocations=60202 (full 6483):
 def new generation   total 41536K, used 38298K [0x04800000, 0x07510000, 0x09d50000)
  eden space 36928K,  96% used [0x04800000, 0x06aa38f0, 0x06c10000)
  from space 4608K,  61% used [0x06c10000, 0x06ed2f78, 0x07090000)
  to   space 4608K,   0% used [0x07090000, 0x07090000, 0x07510000)
 tenured generation   total 92140K, used 49978K [0x09d50000, 0x0f74b000, 0x14800000)
   the space 92140K,  54% used [0x09d50000, 0x0ce1e888, 0x0ce1ea00, 0x0f74b000)
 Metaspace       used 8223K, capacity 8478K, committed 8576K, reserved 8576K
Event: 8606.230 GC heap after
Heap after GC invocations=60203 (full 6483):
 def new generation   total 41536K, used 0K [0x04800000, 0x07510000, 0x09d50000)
  eden space 36928K,   0% used [0x04800000, 0x04800000, 0x06c10000)
  from space 4608K,   0% used [0x07090000, 0x07090398, 0x07510000)
  to   space 4608K,   0% used [0x06c10000, 0x06c10000, 0x07090000)
 tenured generation   total 92140K, used 55633K [0x09d50000, 0x0f74b000, 0x14800000)
   the space 92140K,  60% used [0x09d50000, 0x0d3a45e8, 0x0d3a4600, 0x0f74b000)
 Metaspace       used 8223K, capacity 8478K, committed 8576K, reserved 8576K
}

